<?xml version="1.0" encoding="UTF-8"?>
<testsuites name="DDT_Amazon_Category_Validation_Test Suite" time="201.305" tests="9" failures="6" errors="0">
   <testsuite name="DDT_Amazon_Category_Validation_Test Suite" tests="9" failures="6" errors="0" time="201.305" skipped="0" timestamp="2024-02-02 04:25:20" hostname="dev - localhost" id="Test Suites/DDT_Amazon_Category_Test Suite/DDT_Amazon_Category_Validation_Test Suite">
      <properties>
[...]
</properties>
      <testcase name="Test Cases/Data_Driven_Testing/TC_Amazon_Validating_Category_Excel_001" time="23.328" classname="Test Cases/Data_Driven_Testing/TC_Amazon_Validating_Category_Excel_001" status="PASSED">
         <system-out><![CDATA[2024-02-02 04:25:21 - [TEST_CASE][PASSED] - Test Cases/Data_Driven_Testing/TC_Amazon_Validating_Category_Excel_001: Test Cases/Data_Driven_Testing/TC_Amazon_Validating_Category_Excel_001

2024-02-02 04:25:21 - [TEST_STEP][PASSED] - openBrowser(""): Browser is opened with url: ''

2024-02-02 04:25:21 - [MESSAGE][INFO] - Starting 'Chrome' driver

2024-02-02 04:25:21 - [MESSAGE][INFO] - Action delay is set to 0 milliseconds

2024-02-02 04:25:23 - [MESSAGE][PASSED] - Browser is opened with url: ''

2024-02-02 04:25:23 - [TEST_STEP][PASSED] - navigateToUrl("http://amazon.com/"): Navigate to 'http://amazon.com/' successfully

2024-02-02 04:25:25 - [MESSAGE][PASSED] - Navigate to 'http://amazon.com/' successfully

2024-02-02 04:25:25 - [TEST_STEP][PASSED] - selectOptionByLabel(findTestObject("DDT_Amazon_Category_Excel_OR/Page_Amazon.com. Spend less. Smile more/CategoryElement"), category, false): All options with label 'Books' are selected in object 'Object Repository/DDT_Amazon_Category_Excel_OR/Page_Amazon.com. Spend less. Smile more/CategoryElement' 

2024-02-02 04:25:38 - [MESSAGE][PASSED] - All options with label 'Books' are selected in object 'Object Repository/DDT_Amazon_Category_Excel_OR/Page_Amazon.com. Spend less. Smile more/CategoryElement' 

2024-02-02 04:25:38 - [TEST_STEP][PASSED] - setText(findTestObject("DDT_Amazon_Category_Excel_OR/Page_Amazon.com. Spend less. Smile more/input_Search Amazon_field-keywords"), Item): Text 'Da Vinci Code' is set on object 'Object Repository/DDT_Amazon_Category_Excel_OR/Page_Amazon.com. Spend less. Smile more/input_Search Amazon_field-keywords'

2024-02-02 04:25:40 - [MESSAGE][PASSED] - Text 'Da Vinci Code' is set on object 'Object Repository/DDT_Amazon_Category_Excel_OR/Page_Amazon.com. Spend less. Smile more/input_Search Amazon_field-keywords'

2024-02-02 04:25:40 - [TEST_STEP][PASSED] - click(findTestObject("DDT_Amazon_Category_Excel_OR/Page_Amazon.com. Spend less. Smile more/input_Search Amazon_nav-search-submit-button")): Object: 'Object Repository/DDT_Amazon_Category_Excel_OR/Page_Amazon.com. Spend less. Smile more/input_Search Amazon_nav-search-submit-button' is clicked on

2024-02-02 04:25:44 - [MESSAGE][PASSED] - Object: 'Object Repository/DDT_Amazon_Category_Excel_OR/Page_Amazon.com. Spend less. Smile more/input_Search Amazon_nav-search-submit-button' is clicked on

2024-02-02 04:25:44 - [TEST_STEP][PASSED] - closeBrowser(): Browser is closed

2024-02-02 04:25:44 - [MESSAGE][PASSED] - Browser is closed]]></system-out>
         <system-err><![CDATA[]]></system-err>
      </testcase>
      <testcase name="Test Cases/Data_Driven_Testing/TC_Amazon_Validating_Category_Excel_001" time="21.691" classname="Test Cases/Data_Driven_Testing/TC_Amazon_Validating_Category_Excel_001" status="PASSED">
         <system-out><![CDATA[2024-02-02 04:25:44 - [TEST_CASE][PASSED] - Test Cases/Data_Driven_Testing/TC_Amazon_Validating_Category_Excel_001: Test Cases/Data_Driven_Testing/TC_Amazon_Validating_Category_Excel_001

2024-02-02 04:25:44 - [TEST_STEP][PASSED] - openBrowser(""): Browser is opened with url: ''

2024-02-02 04:25:44 - [MESSAGE][INFO] - Starting 'Chrome' driver

2024-02-02 04:25:44 - [MESSAGE][INFO] - Action delay is set to 0 milliseconds

2024-02-02 04:25:45 - [MESSAGE][PASSED] - Browser is opened with url: ''

2024-02-02 04:25:45 - [TEST_STEP][PASSED] - navigateToUrl("http://amazon.com/"): Navigate to 'http://amazon.com/' successfully

2024-02-02 04:25:47 - [MESSAGE][PASSED] - Navigate to 'http://amazon.com/' successfully

2024-02-02 04:25:47 - [TEST_STEP][PASSED] - selectOptionByLabel(findTestObject("DDT_Amazon_Category_Excel_OR/Page_Amazon.com. Spend less. Smile more/CategoryElement"), category, false): All options with label 'Electronics' are selected in object 'Object Repository/DDT_Amazon_Category_Excel_OR/Page_Amazon.com. Spend less. Smile more/CategoryElement' 

2024-02-02 04:25:59 - [MESSAGE][PASSED] - All options with label 'Electronics' are selected in object 'Object Repository/DDT_Amazon_Category_Excel_OR/Page_Amazon.com. Spend less. Smile more/CategoryElement' 

2024-02-02 04:25:59 - [TEST_STEP][PASSED] - setText(findTestObject("DDT_Amazon_Category_Excel_OR/Page_Amazon.com. Spend less. Smile more/input_Search Amazon_field-keywords"), Item): Text 'Laptop' is set on object 'Object Repository/DDT_Amazon_Category_Excel_OR/Page_Amazon.com. Spend less. Smile more/input_Search Amazon_field-keywords'

2024-02-02 04:26:00 - [MESSAGE][PASSED] - Text 'Laptop' is set on object 'Object Repository/DDT_Amazon_Category_Excel_OR/Page_Amazon.com. Spend less. Smile more/input_Search Amazon_field-keywords'

2024-02-02 04:26:00 - [TEST_STEP][PASSED] - click(findTestObject("DDT_Amazon_Category_Excel_OR/Page_Amazon.com. Spend less. Smile more/input_Search Amazon_nav-search-submit-button")): Object: 'Object Repository/DDT_Amazon_Category_Excel_OR/Page_Amazon.com. Spend less. Smile more/input_Search Amazon_nav-search-submit-button' is clicked on

2024-02-02 04:26:05 - [MESSAGE][PASSED] - Object: 'Object Repository/DDT_Amazon_Category_Excel_OR/Page_Amazon.com. Spend less. Smile more/input_Search Amazon_nav-search-submit-button' is clicked on

2024-02-02 04:26:05 - [TEST_STEP][PASSED] - closeBrowser(): Browser is closed

2024-02-02 04:26:06 - [MESSAGE][PASSED] - Browser is closed]]></system-out>
         <system-err><![CDATA[]]></system-err>
      </testcase>
      <testcase name="Test Cases/Data_Driven_Testing/TC_Amazon_Validating_Category_Excel_001" time="12.854" classname="Test Cases/Data_Driven_Testing/TC_Amazon_Validating_Category_Excel_001" status="FAILED">
         <failure type="FAILED" message="Test Cases/Data_Driven_Testing/TC_Amazon_Validating_Category_Excel_001 FAILED.&#xa;Reason:&#xa;com.kms.katalon.core.exception.StepFailedException: Unable to select option by label 'Musical Instruments' of object 'Object Repository/DDT_Amazon_Category_Excel_OR/Page_Amazon.com. Spend less. Smile more/CategoryElement'  (Root cause: com.kms.katalon.core.exception.StepFailedException: Unable to select option by label 'Musical Instruments' of object 'Object Repository/DDT_Amazon_Category_Excel_OR/Page_Amazon.com. Spend less. Smile more/CategoryElement' &#xa;	at com.kms.katalon.core.webui.keyword.internal.WebUIKeywordMain.stepFailed(WebUIKeywordMain.groovy:64)&#xa;	at com.kms.katalon.core.webui.keyword.internal.WebUIKeywordMain.runKeyword(WebUIKeywordMain.groovy:26)&#xa;	at com.kms.katalon.core.webui.keyword.builtin.SelectOptionByLabelKeyword.selectOptionByLabel(SelectOptionByLabelKeyword.groovy:98)&#xa;	at com.kms.katalon.core.webui.keyword.builtin.SelectOptionByLabelKeyword.execute(SelectOptionByLabelKeyword.groovy:71)&#xa;	at com.kms.katalon.core.keyword.internal.KeywordExecutor.executeKeywordForPlatform(KeywordExecutor.groovy:74)&#xa;	at com.kms.katalon.core.webui.keyword.WebUiBuiltInKeywords.selectOptionByLabel(WebUiBuiltInKeywords.groovy:1230)&#xa;	at TC_Amazon_Validating_Category_Excel_001.run(TC_Amazon_Validating_Category_Excel_001:24)&#xa;	at com.kms.katalon.core.main.ScriptEngine.run(ScriptEngine.java:194)&#xa;	at com.kms.katalon.core.main.ScriptEngine.runScriptAsRawText(ScriptEngine.java:119)&#xa;	at com.kms.katalon.core.main.TestCaseExecutor.runScript(TestCaseExecutor.java:448)&#xa;	at com.kms.katalon.core.main.TestCaseExecutor.doExecute(TestCaseExecutor.java:439)&#xa;	at com.kms.katalon.core.main.TestCaseExecutor.processExecutionPhase(TestCaseExecutor.java:418)&#xa;	at com.kms.katalon.core.main.TestCaseExecutor.accessMainPhase(TestCaseExecutor.java:410)&#xa;	at com.kms.katalon.core.main.TestCaseExecutor.execute(TestCaseExecutor.java:285)&#xa;	at com.kms.katalon.core.common.CommonExecutor.accessTestCaseMainPhase(CommonExecutor.java:65)&#xa;	at com.kms.katalon.core.main.TestSuiteExecutor.accessTestSuiteMainPhase(TestSuiteExecutor.java:148)&#xa;	at com.kms.katalon.core.main.TestSuiteExecutor.execute(TestSuiteExecutor.java:106)&#xa;	at com.kms.katalon.core.main.TestCaseMain.startTestSuite(TestCaseMain.java:187)&#xa;	at TempTestSuite1706828119458.run(TempTestSuite1706828119458.groovy:36)&#xa;	at java.base/jdk.internal.reflect.NativeMethodAccessorImpl.invoke0(Native Method)&#xa;	at java.base/jdk.internal.reflect.NativeMethodAccessorImpl.invoke(NativeMethodAccessorImpl.java:77)&#xa;	at java.base/jdk.internal.reflect.DelegatingMethodAccessorImpl.invoke(DelegatingMethodAccessorImpl.java:43)&#xa;Caused by: org.openqa.selenium.NoSuchElementException: Cannot locate element with text: Musical Instruments&#xa;For documentation on this error, please visit: https://www.seleniumhq.org/exceptions/no_such_element.html&#xa;Build info: version: '3.141.59', revision: 'e82be7d358', time: '2018-11-14T08:25:53'&#xa;System info: host: 'DEVs-MacBook-Air.local', ip: '2405:201:6814:a221:6c37:5f37:eb50:22ac%en0', os.name: 'Mac OS X', os.arch: 'aarch64', os.version: '14.2.1', java.version: '17.0.7'&#xa;Driver info: driver.version: unknown&#xa;	at org.openqa.selenium.support.ui.Select.selectByVisibleText(Select.java:147)&#xa;	at com.kms.katalon.core.webui.common.WebUiCommonHelper.selectOrDeselectOptionsByLabel(WebUiCommonHelper.java:310)&#xa;	at com.kms.katalon.core.webui.keyword.builtin.SelectOptionByLabelKeyword$_selectOptionByLabel_closure1.doCall(SelectOptionByLabelKeyword.groovy:87)&#xa;	at com.kms.katalon.core.webui.keyword.builtin.SelectOptionByLabelKeyword$_selectOptionByLabel_closure1.call(SelectOptionByLabelKeyword.groovy)&#xa;	at com.kms.katalon.core.webui.keyword.internal.WebUIKeywordMain.runKeyword(WebUIKeywordMain.groovy:20)&#xa;	at com.kms.katalon.core.webui.keyword.builtin.SelectOptionByLabelKeyword.selectOptionByLabel(SelectOptionByLabelKeyword.groovy:98)&#xa;	at com.kms.katalon.core.webui.keyword.builtin.SelectOptionByLabelKeyword.execute(SelectOptionByLabelKeyword.groovy:71)&#xa;	at com.kms.katalon.core.keyword.internal.KeywordExecutor.executeKeywordForPlatform(KeywordExecutor.groovy:74)&#xa;	at com.kms.katalon.core.webui.keyword.WebUiBuiltInKeywords.selectOptionByLabel(WebUiBuiltInKeywords.groovy:1230)&#xa;	at Script1706824386796.run(Script1706824386796.groovy:24)&#xa;	... 15 more&#xa;)&#xa;	at com.kms.katalon.core.keyword.internal.KeywordMain.stepFailed(KeywordMain.groovy:39)&#xa;	at com.kms.katalon.core.webui.keyword.internal.WebUIKeywordMain.stepFailed(WebUIKeywordMain.groovy:64)&#xa;	at com.kms.katalon.core.webui.keyword.internal.WebUIKeywordMain.runKeyword(WebUIKeywordMain.groovy:26)&#xa;	at com.kms.katalon.core.webui.keyword.builtin.SelectOptionByLabelKeyword.selectOptionByLabel(SelectOptionByLabelKeyword.groovy:98)&#xa;	at com.kms.katalon.core.webui.keyword.builtin.SelectOptionByLabelKeyword.execute(SelectOptionByLabelKeyword.groovy:71)&#xa;	at com.kms.katalon.core.keyword.internal.KeywordExecutor.executeKeywordForPlatform(KeywordExecutor.groovy:74)&#xa;	at com.kms.katalon.core.webui.keyword.WebUiBuiltInKeywords.selectOptionByLabel(WebUiBuiltInKeywords.groovy:1230)&#xa;	at TC_Amazon_Validating_Category_Excel_001.run(TC_Amazon_Validating_Category_Excel_001:24)&#xa;	at com.kms.katalon.core.main.ScriptEngine.run(ScriptEngine.java:194)&#xa;	at com.kms.katalon.core.main.ScriptEngine.runScriptAsRawText(ScriptEngine.java:119)&#xa;	at com.kms.katalon.core.main.TestCaseExecutor.runScript(TestCaseExecutor.java:448)&#xa;	at com.kms.katalon.core.main.TestCaseExecutor.doExecute(TestCaseExecutor.java:439)&#xa;	at com.kms.katalon.core.main.TestCaseExecutor.processExecutionPhase(TestCaseExecutor.java:418)&#xa;	at com.kms.katalon.core.main.TestCaseExecutor.accessMainPhase(TestCaseExecutor.java:410)&#xa;	at com.kms.katalon.core.main.TestCaseExecutor.execute(TestCaseExecutor.java:285)&#xa;	at com.kms.katalon.core.common.CommonExecutor.accessTestCaseMainPhase(CommonExecutor.java:65)&#xa;	at com.kms.katalon.core.main.TestSuiteExecutor.accessTestSuiteMainPhase(TestSuiteExecutor.java:148)&#xa;	at com.kms.katalon.core.main.TestSuiteExecutor.execute(TestSuiteExecutor.java:106)&#xa;	at com.kms.katalon.core.main.TestCaseMain.startTestSuite(TestCaseMain.java:187)&#xa;	at TempTestSuite1706828119458.run(TempTestSuite1706828119458.groovy:36)&#xa;	at java.base/jdk.internal.reflect.NativeMethodAccessorImpl.invoke0(Native Method)&#xa;	at java.base/jdk.internal.reflect.NativeMethodAccessorImpl.invoke(NativeMethodAccessorImpl.java:77)&#xa;	at java.base/jdk.internal.reflect.DelegatingMethodAccessorImpl.invoke(DelegatingMethodAccessorImpl.java:43)&#xa;Caused by: com.kms.katalon.core.exception.StepFailedException: Unable to select option by label 'Musical Instruments' of object 'Object Repository/DDT_Amazon_Category_Excel_OR/Page_Amazon.com. Spend less. Smile more/CategoryElement' &#xa;	... 22 more&#xa;Caused by: org.openqa.selenium.NoSuchElementException: Cannot locate element with text: Musical Instruments&#xa;For documentation on this error, please visit: https://www.seleniumhq.org/exceptions/no_such_element.html&#xa;Build info: version: '3.141.59', revision: 'e82be7d358', time: '2018-11-14T08:25:53'&#xa;System info: host: 'DEVs-MacBook-Air.local', ip: '2405:201:6814:a221:6c37:5f37:eb50:22ac%en0', os.name: 'Mac OS X', os.arch: 'aarch64', os.version: '14.2.1', java.version: '17.0.7'&#xa;Driver info: driver.version: unknown&#xa;	at org.openqa.selenium.support.ui.Select.selectByVisibleText(Select.java:147)&#xa;	at com.kms.katalon.core.webui.common.WebUiCommonHelper.selectOrDeselectOptionsByLabel(WebUiCommonHelper.java:310)&#xa;	at com.kms.katalon.core.webui.keyword.builtin.SelectOptionByLabelKeyword$_selectOptionByLabel_closure1.doCall(SelectOptionByLabelKeyword.groovy:87)&#xa;	at com.kms.katalon.core.webui.keyword.builtin.SelectOptionByLabelKeyword$_selectOptionByLabel_closure1.call(SelectOptionByLabelKeyword.groovy)&#xa;	at com.kms.katalon.core.webui.keyword.internal.WebUIKeywordMain.runKeyword(WebUIKeywordMain.groovy:20)&#xa;	... 20 more&#xa;"/>
         <system-out><![CDATA[2024-02-02 04:26:06 - [TEST_CASE][FAILED] - Test Cases/Data_Driven_Testing/TC_Amazon_Validating_Category_Excel_001: Test Cases/Data_Driven_Testing/TC_Amazon_Validating_Category_Excel_001 FAILED.
Reason:
com.kms.katalon.core.exception.StepFailedException: Unable to select option by label 'Musical Instruments' of object 'Object Repository/DDT_Amazon_Category_Excel_OR/Page_Amazon.com. Spend less. Smile more/CategoryElement'  (Root cause: com.kms.katalon.core.exception.StepFailedException: Unable to select option by label 'Musical Instruments' of object 'Object Repository/DDT_Amazon_Category_Excel_OR/Page_Amazon.com. Spend less. Smile more/CategoryElement' 
	at com.kms.katalon.core.webui.keyword.internal.WebUIKeywordMain.stepFailed(WebUIKeywordMain.groovy:64)
	at com.kms.katalon.core.webui.keyword.internal.WebUIKeywordMain.runKeyword(WebUIKeywordMain.groovy:26)
	at com.kms.katalon.core.webui.keyword.builtin.SelectOptionByLabelKeyword.selectOptionByLabel(SelectOptionByLabelKeyword.groovy:98)
	at com.kms.katalon.core.webui.keyword.builtin.SelectOptionByLabelKeyword.execute(SelectOptionByLabelKeyword.groovy:71)
	at com.kms.katalon.core.keyword.internal.KeywordExecutor.executeKeywordForPlatform(KeywordExecutor.groovy:74)
	at com.kms.katalon.core.webui.keyword.WebUiBuiltInKeywords.selectOptionByLabel(WebUiBuiltInKeywords.groovy:1230)
	at TC_Amazon_Validating_Category_Excel_001.run(TC_Amazon_Validating_Category_Excel_001:24)
	at com.kms.katalon.core.main.ScriptEngine.run(ScriptEngine.java:194)
	at com.kms.katalon.core.main.ScriptEngine.runScriptAsRawText(ScriptEngine.java:119)
	at com.kms.katalon.core.main.TestCaseExecutor.runScript(TestCaseExecutor.java:448)
	at com.kms.katalon.core.main.TestCaseExecutor.doExecute(TestCaseExecutor.java:439)
	at com.kms.katalon.core.main.TestCaseExecutor.processExecutionPhase(TestCaseExecutor.java:418)
	at com.kms.katalon.core.main.TestCaseExecutor.accessMainPhase(TestCaseExecutor.java:410)
	at com.kms.katalon.core.main.TestCaseExecutor.execute(TestCaseExecutor.java:285)
	at com.kms.katalon.core.common.CommonExecutor.accessTestCaseMainPhase(CommonExecutor.java:65)
	at com.kms.katalon.core.main.TestSuiteExecutor.accessTestSuiteMainPhase(TestSuiteExecutor.java:148)
	at com.kms.katalon.core.main.TestSuiteExecutor.execute(TestSuiteExecutor.java:106)
	at com.kms.katalon.core.main.TestCaseMain.startTestSuite(TestCaseMain.java:187)
	at TempTestSuite1706828119458.run(TempTestSuite1706828119458.groovy:36)
	at java.base/jdk.internal.reflect.NativeMethodAccessorImpl.invoke0(Native Method)
	at java.base/jdk.internal.reflect.NativeMethodAccessorImpl.invoke(NativeMethodAccessorImpl.java:77)
	at java.base/jdk.internal.reflect.DelegatingMethodAccessorImpl.invoke(DelegatingMethodAccessorImpl.java:43)
Caused by: org.openqa.selenium.NoSuchElementException: Cannot locate element with text: Musical Instruments
For documentation on this error, please visit: https://www.seleniumhq.org/exceptions/no_such_element.html
Build info: version: '3.141.59', revision: 'e82be7d358', time: '2018-11-14T08:25:53'
System info: host: 'DEVs-MacBook-Air.local', ip: '2405:201:6814:a221:6c37:5f37:eb50:22ac%en0', os.name: 'Mac OS X', os.arch: 'aarch64', os.version: '14.2.1', java.version: '17.0.7'
Driver info: driver.version: unknown
	at org.openqa.selenium.support.ui.Select.selectByVisibleText(Select.java:147)
	at com.kms.katalon.core.webui.common.WebUiCommonHelper.selectOrDeselectOptionsByLabel(WebUiCommonHelper.java:310)
	at com.kms.katalon.core.webui.keyword.builtin.SelectOptionByLabelKeyword$_selectOptionByLabel_closure1.doCall(SelectOptionByLabelKeyword.groovy:87)
	at com.kms.katalon.core.webui.keyword.builtin.SelectOptionByLabelKeyword$_selectOptionByLabel_closure1.call(SelectOptionByLabelKeyword.groovy)
	at com.kms.katalon.core.webui.keyword.internal.WebUIKeywordMain.runKeyword(WebUIKeywordMain.groovy:20)
	at com.kms.katalon.core.webui.keyword.builtin.SelectOptionByLabelKeyword.selectOptionByLabel(SelectOptionByLabelKeyword.groovy:98)
	at com.kms.katalon.core.webui.keyword.builtin.SelectOptionByLabelKeyword.execute(SelectOptionByLabelKeyword.groovy:71)
	at com.kms.katalon.core.keyword.internal.KeywordExecutor.executeKeywordForPlatform(KeywordExecutor.groovy:74)
	at com.kms.katalon.core.webui.keyword.WebUiBuiltInKeywords.selectOptionByLabel(WebUiBuiltInKeywords.groovy:1230)
	at Script1706824386796.run(Script1706824386796.groovy:24)
	... 15 more
)
	at com.kms.katalon.core.keyword.internal.KeywordMain.stepFailed(KeywordMain.groovy:39)
	at com.kms.katalon.core.webui.keyword.internal.WebUIKeywordMain.stepFailed(WebUIKeywordMain.groovy:64)
	at com.kms.katalon.core.webui.keyword.internal.WebUIKeywordMain.runKeyword(WebUIKeywordMain.groovy:26)
	at com.kms.katalon.core.webui.keyword.builtin.SelectOptionByLabelKeyword.selectOptionByLabel(SelectOptionByLabelKeyword.groovy:98)
	at com.kms.katalon.core.webui.keyword.builtin.SelectOptionByLabelKeyword.execute(SelectOptionByLabelKeyword.groovy:71)
	at com.kms.katalon.core.keyword.internal.KeywordExecutor.executeKeywordForPlatform(KeywordExecutor.groovy:74)
	at com.kms.katalon.core.webui.keyword.WebUiBuiltInKeywords.selectOptionByLabel(WebUiBuiltInKeywords.groovy:1230)
	at TC_Amazon_Validating_Category_Excel_001.run(TC_Amazon_Validating_Category_Excel_001:24)
	at com.kms.katalon.core.main.ScriptEngine.run(ScriptEngine.java:194)
	at com.kms.katalon.core.main.ScriptEngine.runScriptAsRawText(ScriptEngine.java:119)
	at com.kms.katalon.core.main.TestCaseExecutor.runScript(TestCaseExecutor.java:448)
	at com.kms.katalon.core.main.TestCaseExecutor.doExecute(TestCaseExecutor.java:439)
	at com.kms.katalon.core.main.TestCaseExecutor.processExecutionPhase(TestCaseExecutor.java:418)
	at com.kms.katalon.core.main.TestCaseExecutor.accessMainPhase(TestCaseExecutor.java:410)
	at com.kms.katalon.core.main.TestCaseExecutor.execute(TestCaseExecutor.java:285)
	at com.kms.katalon.core.common.CommonExecutor.accessTestCaseMainPhase(CommonExecutor.java:65)
	at com.kms.katalon.core.main.TestSuiteExecutor.accessTestSuiteMainPhase(TestSuiteExecutor.java:148)
	at com.kms.katalon.core.main.TestSuiteExecutor.execute(TestSuiteExecutor.java:106)
	at com.kms.katalon.core.main.TestCaseMain.startTestSuite(TestCaseMain.java:187)
	at TempTestSuite1706828119458.run(TempTestSuite1706828119458.groovy:36)
	at java.base/jdk.internal.reflect.NativeMethodAccessorImpl.invoke0(Native Method)
	at java.base/jdk.internal.reflect.NativeMethodAccessorImpl.invoke(NativeMethodAccessorImpl.java:77)
	at java.base/jdk.internal.reflect.DelegatingMethodAccessorImpl.invoke(DelegatingMethodAccessorImpl.java:43)
Caused by: com.kms.katalon.core.exception.StepFailedException: Unable to select option by label 'Musical Instruments' of object 'Object Repository/DDT_Amazon_Category_Excel_OR/Page_Amazon.com. Spend less. Smile more/CategoryElement' 
	... 22 more
Caused by: org.openqa.selenium.NoSuchElementException: Cannot locate element with text: Musical Instruments
For documentation on this error, please visit: https://www.seleniumhq.org/exceptions/no_such_element.html
Build info: version: '3.141.59', revision: 'e82be7d358', time: '2018-11-14T08:25:53'
System info: host: 'DEVs-MacBook-Air.local', ip: '2405:201:6814:a221:6c37:5f37:eb50:22ac%en0', os.name: 'Mac OS X', os.arch: 'aarch64', os.version: '14.2.1', java.version: '17.0.7'
Driver info: driver.version: unknown
	at org.openqa.selenium.support.ui.Select.selectByVisibleText(Select.java:147)
	at com.kms.katalon.core.webui.common.WebUiCommonHelper.selectOrDeselectOptionsByLabel(WebUiCommonHelper.java:310)
	at com.kms.katalon.core.webui.keyword.builtin.SelectOptionByLabelKeyword$_selectOptionByLabel_closure1.doCall(SelectOptionByLabelKeyword.groovy:87)
	at com.kms.katalon.core.webui.keyword.builtin.SelectOptionByLabelKeyword$_selectOptionByLabel_closure1.call(SelectOptionByLabelKeyword.groovy)
	at com.kms.katalon.core.webui.keyword.internal.WebUIKeywordMain.runKeyword(WebUIKeywordMain.groovy:20)
	... 20 more


2024-02-02 04:26:06 - [TEST_STEP][PASSED] - openBrowser(""): Browser is opened with url: ''

2024-02-02 04:26:06 - [MESSAGE][INFO] - Starting 'Chrome' driver

2024-02-02 04:26:06 - [MESSAGE][INFO] - Action delay is set to 0 milliseconds

2024-02-02 04:26:06 - [MESSAGE][PASSED] - Browser is opened with url: ''

2024-02-02 04:26:06 - [TEST_STEP][PASSED] - navigateToUrl("http://amazon.com/"): Navigate to 'http://amazon.com/' successfully

2024-02-02 04:26:09 - [MESSAGE][PASSED] - Navigate to 'http://amazon.com/' successfully

2024-02-02 04:26:09 - [TEST_STEP][FAILED] - selectOptionByLabel(findTestObject("DDT_Amazon_Category_Excel_OR/Page_Amazon.com. Spend less. Smile more/CategoryElement"), category, false): Unable to select option by label 'Musical Instruments' of object 'Object Repository/DDT_Amazon_Category_Excel_OR/Page_Amazon.com. Spend less. Smile more/CategoryElement'  (Root cause: com.kms.katalon.core.exception.StepFailedException: Unable to select option by label 'Musical Instruments' of object 'Object Repository/DDT_Amazon_Category_Excel_OR/Page_Amazon.com. Spend less. Smile more/CategoryElement' 
	at com.kms.katalon.core.webui.keyword.internal.WebUIKeywordMain.stepFailed(WebUIKeywordMain.groovy:64)
	at com.kms.katalon.core.webui.keyword.internal.WebUIKeywordMain.runKeyword(WebUIKeywordMain.groovy:26)
	at com.kms.katalon.core.webui.keyword.builtin.SelectOptionByLabelKeyword.selectOptionByLabel(SelectOptionByLabelKeyword.groovy:98)
	at com.kms.katalon.core.webui.keyword.builtin.SelectOptionByLabelKeyword.execute(SelectOptionByLabelKeyword.groovy:71)
	at com.kms.katalon.core.keyword.internal.KeywordExecutor.executeKeywordForPlatform(KeywordExecutor.groovy:74)
	at com.kms.katalon.core.webui.keyword.WebUiBuiltInKeywords.selectOptionByLabel(WebUiBuiltInKeywords.groovy:1230)
	at TC_Amazon_Validating_Category_Excel_001.run(TC_Amazon_Validating_Category_Excel_001:24)
	at com.kms.katalon.core.main.ScriptEngine.run(ScriptEngine.java:194)
	at com.kms.katalon.core.main.ScriptEngine.runScriptAsRawText(ScriptEngine.java:119)
	at com.kms.katalon.core.main.TestCaseExecutor.runScript(TestCaseExecutor.java:448)
	at com.kms.katalon.core.main.TestCaseExecutor.doExecute(TestCaseExecutor.java:439)
	at com.kms.katalon.core.main.TestCaseExecutor.processExecutionPhase(TestCaseExecutor.java:418)
	at com.kms.katalon.core.main.TestCaseExecutor.accessMainPhase(TestCaseExecutor.java:410)
	at com.kms.katalon.core.main.TestCaseExecutor.execute(TestCaseExecutor.java:285)
	at com.kms.katalon.core.common.CommonExecutor.accessTestCaseMainPhase(CommonExecutor.java:65)
	at com.kms.katalon.core.main.TestSuiteExecutor.accessTestSuiteMainPhase(TestSuiteExecutor.java:148)
	at com.kms.katalon.core.main.TestSuiteExecutor.execute(TestSuiteExecutor.java:106)
	at com.kms.katalon.core.main.TestCaseMain.startTestSuite(TestCaseMain.java:187)
	at TempTestSuite1706828119458.run(TempTestSuite1706828119458.groovy:36)
	at java.base/jdk.internal.reflect.NativeMethodAccessorImpl.invoke0(Native Method)
	at java.base/jdk.internal.reflect.NativeMethodAccessorImpl.invoke(NativeMethodAccessorImpl.java:77)
	at java.base/jdk.internal.reflect.DelegatingMethodAccessorImpl.invoke(DelegatingMethodAccessorImpl.java:43)
Caused by: org.openqa.selenium.NoSuchElementException: Cannot locate element with text: Musical Instruments
For documentation on this error, please visit: https://www.seleniumhq.org/exceptions/no_such_element.html
Build info: version: '3.141.59', revision: 'e82be7d358', time: '2018-11-14T08:25:53'
System info: host: 'DEVs-MacBook-Air.local', ip: '2405:201:6814:a221:6c37:5f37:eb50:22ac%en0', os.name: 'Mac OS X', os.arch: 'aarch64', os.version: '14.2.1', java.version: '17.0.7'
Driver info: driver.version: unknown
	at org.openqa.selenium.support.ui.Select.selectByVisibleText(Select.java:147)
	at com.kms.katalon.core.webui.common.WebUiCommonHelper.selectOrDeselectOptionsByLabel(WebUiCommonHelper.java:310)
	at com.kms.katalon.core.webui.keyword.builtin.SelectOptionByLabelKeyword$_selectOptionByLabel_closure1.doCall(SelectOptionByLabelKeyword.groovy:87)
	at com.kms.katalon.core.webui.keyword.builtin.SelectOptionByLabelKeyword$_selectOptionByLabel_closure1.call(SelectOptionByLabelKeyword.groovy)
	at com.kms.katalon.core.webui.keyword.internal.WebUIKeywordMain.runKeyword(WebUIKeywordMain.groovy:20)
	at com.kms.katalon.core.webui.keyword.builtin.SelectOptionByLabelKeyword.selectOptionByLabel(SelectOptionByLabelKeyword.groovy:98)
	at com.kms.katalon.core.webui.keyword.builtin.SelectOptionByLabelKeyword.execute(SelectOptionByLabelKeyword.groovy:71)
	at com.kms.katalon.core.keyword.internal.KeywordExecutor.executeKeywordForPlatform(KeywordExecutor.groovy:74)
	at com.kms.katalon.core.webui.keyword.WebUiBuiltInKeywords.selectOptionByLabel(WebUiBuiltInKeywords.groovy:1230)
	at Script1706824386796.run(Script1706824386796.groovy:24)
	... 15 more
)

2024-02-02 04:26:11 - [MESSAGE][FAILED] - Unable to select option by label 'Musical Instruments' of object 'Object Repository/DDT_Amazon_Category_Excel_OR/Page_Amazon.com. Spend less. Smile more/CategoryElement'  (Root cause: com.kms.katalon.core.exception.StepFailedException: Unable to select option by label 'Musical Instruments' of object 'Object Repository/DDT_Amazon_Category_Excel_OR/Page_Amazon.com. Spend less. Smile more/CategoryElement' 
	at com.kms.katalon.core.webui.keyword.internal.WebUIKeywordMain.stepFailed(WebUIKeywordMain.groovy:64)
	at com.kms.katalon.core.webui.keyword.internal.WebUIKeywordMain.runKeyword(WebUIKeywordMain.groovy:26)
	at com.kms.katalon.core.webui.keyword.builtin.SelectOptionByLabelKeyword.selectOptionByLabel(SelectOptionByLabelKeyword.groovy:98)
	at com.kms.katalon.core.webui.keyword.builtin.SelectOptionByLabelKeyword.execute(SelectOptionByLabelKeyword.groovy:71)
	at com.kms.katalon.core.keyword.internal.KeywordExecutor.executeKeywordForPlatform(KeywordExecutor.groovy:74)
	at com.kms.katalon.core.webui.keyword.WebUiBuiltInKeywords.selectOptionByLabel(WebUiBuiltInKeywords.groovy:1230)
	at TC_Amazon_Validating_Category_Excel_001.run(TC_Amazon_Validating_Category_Excel_001:24)
	at com.kms.katalon.core.main.ScriptEngine.run(ScriptEngine.java:194)
	at com.kms.katalon.core.main.ScriptEngine.runScriptAsRawText(ScriptEngine.java:119)
	at com.kms.katalon.core.main.TestCaseExecutor.runScript(TestCaseExecutor.java:448)
	at com.kms.katalon.core.main.TestCaseExecutor.doExecute(TestCaseExecutor.java:439)
	at com.kms.katalon.core.main.TestCaseExecutor.processExecutionPhase(TestCaseExecutor.java:418)
	at com.kms.katalon.core.main.TestCaseExecutor.accessMainPhase(TestCaseExecutor.java:410)
	at com.kms.katalon.core.main.TestCaseExecutor.execute(TestCaseExecutor.java:285)
	at com.kms.katalon.core.common.CommonExecutor.accessTestCaseMainPhase(CommonExecutor.java:65)
	at com.kms.katalon.core.main.TestSuiteExecutor.accessTestSuiteMainPhase(TestSuiteExecutor.java:148)
	at com.kms.katalon.core.main.TestSuiteExecutor.execute(TestSuiteExecutor.java:106)
	at com.kms.katalon.core.main.TestCaseMain.startTestSuite(TestCaseMain.java:187)
	at TempTestSuite1706828119458.run(TempTestSuite1706828119458.groovy:36)
	at java.base/jdk.internal.reflect.NativeMethodAccessorImpl.invoke0(Native Method)
	at java.base/jdk.internal.reflect.NativeMethodAccessorImpl.invoke(NativeMethodAccessorImpl.java:77)
	at java.base/jdk.internal.reflect.DelegatingMethodAccessorImpl.invoke(DelegatingMethodAccessorImpl.java:43)
Caused by: org.openqa.selenium.NoSuchElementException: Cannot locate element with text: Musical Instruments
For documentation on this error, please visit: https://www.seleniumhq.org/exceptions/no_such_element.html
Build info: version: '3.141.59', revision: 'e82be7d358', time: '2018-11-14T08:25:53'
System info: host: 'DEVs-MacBook-Air.local', ip: '2405:201:6814:a221:6c37:5f37:eb50:22ac%en0', os.name: 'Mac OS X', os.arch: 'aarch64', os.version: '14.2.1', java.version: '17.0.7'
Driver info: driver.version: unknown
	at org.openqa.selenium.support.ui.Select.selectByVisibleText(Select.java:147)
	at com.kms.katalon.core.webui.common.WebUiCommonHelper.selectOrDeselectOptionsByLabel(WebUiCommonHelper.java:310)
	at com.kms.katalon.core.webui.keyword.builtin.SelectOptionByLabelKeyword$_selectOptionByLabel_closure1.doCall(SelectOptionByLabelKeyword.groovy:87)
	at com.kms.katalon.core.webui.keyword.builtin.SelectOptionByLabelKeyword$_selectOptionByLabel_closure1.call(SelectOptionByLabelKeyword.groovy)
	at com.kms.katalon.core.webui.keyword.internal.WebUIKeywordMain.runKeyword(WebUIKeywordMain.groovy:20)
	at com.kms.katalon.core.webui.keyword.builtin.SelectOptionByLabelKeyword.selectOptionByLabel(SelectOptionByLabelKeyword.groovy:98)
	at com.kms.katalon.core.webui.keyword.builtin.SelectOptionByLabelKeyword.execute(SelectOptionByLabelKeyword.groovy:71)
	at com.kms.katalon.core.keyword.internal.KeywordExecutor.executeKeywordForPlatform(KeywordExecutor.groovy:74)
	at com.kms.katalon.core.webui.keyword.WebUiBuiltInKeywords.selectOptionByLabel(WebUiBuiltInKeywords.groovy:1230)
	at Script1706824386796.run(Script1706824386796.groovy:24)
	... 15 more
)
[[ATTACHMENT|/Users/dev/git/Katalon_Software-Automation-Testing/Reports/20240202_042519/DDT_Amazon_Category_Test Suite/DDT_Amazon_Category_Validation_Test Suite/20240202_042519/1706828170879.png]]

2024-02-02 04:26:11 - [TEST_STEP][PASSED] - setText(findTestObject("DDT_Amazon_Category_Excel_OR/Page_Amazon.com. Spend less. Smile more/input_Search Amazon_field-keywords"), Item): Text 'Guitar' is set on object 'Object Repository/DDT_Amazon_Category_Excel_OR/Page_Amazon.com. Spend less. Smile more/input_Search Amazon_field-keywords'

2024-02-02 04:26:12 - [MESSAGE][PASSED] - Text 'Guitar' is set on object 'Object Repository/DDT_Amazon_Category_Excel_OR/Page_Amazon.com. Spend less. Smile more/input_Search Amazon_field-keywords'

2024-02-02 04:26:12 - [TEST_STEP][PASSED] - click(findTestObject("DDT_Amazon_Category_Excel_OR/Page_Amazon.com. Spend less. Smile more/input_Search Amazon_nav-search-submit-button")): Object: 'Object Repository/DDT_Amazon_Category_Excel_OR/Page_Amazon.com. Spend less. Smile more/input_Search Amazon_nav-search-submit-button' is clicked on

2024-02-02 04:26:18 - [MESSAGE][PASSED] - Object: 'Object Repository/DDT_Amazon_Category_Excel_OR/Page_Amazon.com. Spend less. Smile more/input_Search Amazon_nav-search-submit-button' is clicked on

2024-02-02 04:26:18 - [TEST_STEP][PASSED] - closeBrowser(): Browser is closed

2024-02-02 04:26:18 - [MESSAGE][PASSED] - Browser is closed]]></system-out>
         <system-err><![CDATA[2024-02-02 04:26:06 - [TEST_CASE][FAILED] - Test Cases/Data_Driven_Testing/TC_Amazon_Validating_Category_Excel_001: Test Cases/Data_Driven_Testing/TC_Amazon_Validating_Category_Excel_001 FAILED.
Reason:
com.kms.katalon.core.exception.StepFailedException: Unable to select option by label 'Musical Instruments' of object 'Object Repository/DDT_Amazon_Category_Excel_OR/Page_Amazon.com. Spend less. Smile more/CategoryElement'  (Root cause: com.kms.katalon.core.exception.StepFailedException: Unable to select option by label 'Musical Instruments' of object 'Object Repository/DDT_Amazon_Category_Excel_OR/Page_Amazon.com. Spend less. Smile more/CategoryElement' 
	at com.kms.katalon.core.webui.keyword.internal.WebUIKeywordMain.stepFailed(WebUIKeywordMain.groovy:64)
	at com.kms.katalon.core.webui.keyword.internal.WebUIKeywordMain.runKeyword(WebUIKeywordMain.groovy:26)
	at com.kms.katalon.core.webui.keyword.builtin.SelectOptionByLabelKeyword.selectOptionByLabel(SelectOptionByLabelKeyword.groovy:98)
	at com.kms.katalon.core.webui.keyword.builtin.SelectOptionByLabelKeyword.execute(SelectOptionByLabelKeyword.groovy:71)
	at com.kms.katalon.core.keyword.internal.KeywordExecutor.executeKeywordForPlatform(KeywordExecutor.groovy:74)
	at com.kms.katalon.core.webui.keyword.WebUiBuiltInKeywords.selectOptionByLabel(WebUiBuiltInKeywords.groovy:1230)
	at TC_Amazon_Validating_Category_Excel_001.run(TC_Amazon_Validating_Category_Excel_001:24)
	at com.kms.katalon.core.main.ScriptEngine.run(ScriptEngine.java:194)
	at com.kms.katalon.core.main.ScriptEngine.runScriptAsRawText(ScriptEngine.java:119)
	at com.kms.katalon.core.main.TestCaseExecutor.runScript(TestCaseExecutor.java:448)
	at com.kms.katalon.core.main.TestCaseExecutor.doExecute(TestCaseExecutor.java:439)
	at com.kms.katalon.core.main.TestCaseExecutor.processExecutionPhase(TestCaseExecutor.java:418)
	at com.kms.katalon.core.main.TestCaseExecutor.accessMainPhase(TestCaseExecutor.java:410)
	at com.kms.katalon.core.main.TestCaseExecutor.execute(TestCaseExecutor.java:285)
	at com.kms.katalon.core.common.CommonExecutor.accessTestCaseMainPhase(CommonExecutor.java:65)
	at com.kms.katalon.core.main.TestSuiteExecutor.accessTestSuiteMainPhase(TestSuiteExecutor.java:148)
	at com.kms.katalon.core.main.TestSuiteExecutor.execute(TestSuiteExecutor.java:106)
	at com.kms.katalon.core.main.TestCaseMain.startTestSuite(TestCaseMain.java:187)
	at TempTestSuite1706828119458.run(TempTestSuite1706828119458.groovy:36)
	at java.base/jdk.internal.reflect.NativeMethodAccessorImpl.invoke0(Native Method)
	at java.base/jdk.internal.reflect.NativeMethodAccessorImpl.invoke(NativeMethodAccessorImpl.java:77)
	at java.base/jdk.internal.reflect.DelegatingMethodAccessorImpl.invoke(DelegatingMethodAccessorImpl.java:43)
Caused by: org.openqa.selenium.NoSuchElementException: Cannot locate element with text: Musical Instruments
For documentation on this error, please visit: https://www.seleniumhq.org/exceptions/no_such_element.html
Build info: version: '3.141.59', revision: 'e82be7d358', time: '2018-11-14T08:25:53'
System info: host: 'DEVs-MacBook-Air.local', ip: '2405:201:6814:a221:6c37:5f37:eb50:22ac%en0', os.name: 'Mac OS X', os.arch: 'aarch64', os.version: '14.2.1', java.version: '17.0.7'
Driver info: driver.version: unknown
	at org.openqa.selenium.support.ui.Select.selectByVisibleText(Select.java:147)
	at com.kms.katalon.core.webui.common.WebUiCommonHelper.selectOrDeselectOptionsByLabel(WebUiCommonHelper.java:310)
	at com.kms.katalon.core.webui.keyword.builtin.SelectOptionByLabelKeyword$_selectOptionByLabel_closure1.doCall(SelectOptionByLabelKeyword.groovy:87)
	at com.kms.katalon.core.webui.keyword.builtin.SelectOptionByLabelKeyword$_selectOptionByLabel_closure1.call(SelectOptionByLabelKeyword.groovy)
	at com.kms.katalon.core.webui.keyword.internal.WebUIKeywordMain.runKeyword(WebUIKeywordMain.groovy:20)
	at com.kms.katalon.core.webui.keyword.builtin.SelectOptionByLabelKeyword.selectOptionByLabel(SelectOptionByLabelKeyword.groovy:98)
	at com.kms.katalon.core.webui.keyword.builtin.SelectOptionByLabelKeyword.execute(SelectOptionByLabelKeyword.groovy:71)
	at com.kms.katalon.core.keyword.internal.KeywordExecutor.executeKeywordForPlatform(KeywordExecutor.groovy:74)
	at com.kms.katalon.core.webui.keyword.WebUiBuiltInKeywords.selectOptionByLabel(WebUiBuiltInKeywords.groovy:1230)
	at Script1706824386796.run(Script1706824386796.groovy:24)
	... 15 more
)
	at com.kms.katalon.core.keyword.internal.KeywordMain.stepFailed(KeywordMain.groovy:39)
	at com.kms.katalon.core.webui.keyword.internal.WebUIKeywordMain.stepFailed(WebUIKeywordMain.groovy:64)
	at com.kms.katalon.core.webui.keyword.internal.WebUIKeywordMain.runKeyword(WebUIKeywordMain.groovy:26)
	at com.kms.katalon.core.webui.keyword.builtin.SelectOptionByLabelKeyword.selectOptionByLabel(SelectOptionByLabelKeyword.groovy:98)
	at com.kms.katalon.core.webui.keyword.builtin.SelectOptionByLabelKeyword.execute(SelectOptionByLabelKeyword.groovy:71)
	at com.kms.katalon.core.keyword.internal.KeywordExecutor.executeKeywordForPlatform(KeywordExecutor.groovy:74)
	at com.kms.katalon.core.webui.keyword.WebUiBuiltInKeywords.selectOptionByLabel(WebUiBuiltInKeywords.groovy:1230)
	at TC_Amazon_Validating_Category_Excel_001.run(TC_Amazon_Validating_Category_Excel_001:24)
	at com.kms.katalon.core.main.ScriptEngine.run(ScriptEngine.java:194)
	at com.kms.katalon.core.main.ScriptEngine.runScriptAsRawText(ScriptEngine.java:119)
	at com.kms.katalon.core.main.TestCaseExecutor.runScript(TestCaseExecutor.java:448)
	at com.kms.katalon.core.main.TestCaseExecutor.doExecute(TestCaseExecutor.java:439)
	at com.kms.katalon.core.main.TestCaseExecutor.processExecutionPhase(TestCaseExecutor.java:418)
	at com.kms.katalon.core.main.TestCaseExecutor.accessMainPhase(TestCaseExecutor.java:410)
	at com.kms.katalon.core.main.TestCaseExecutor.execute(TestCaseExecutor.java:285)
	at com.kms.katalon.core.common.CommonExecutor.accessTestCaseMainPhase(CommonExecutor.java:65)
	at com.kms.katalon.core.main.TestSuiteExecutor.accessTestSuiteMainPhase(TestSuiteExecutor.java:148)
	at com.kms.katalon.core.main.TestSuiteExecutor.execute(TestSuiteExecutor.java:106)
	at com.kms.katalon.core.main.TestCaseMain.startTestSuite(TestCaseMain.java:187)
	at TempTestSuite1706828119458.run(TempTestSuite1706828119458.groovy:36)
	at java.base/jdk.internal.reflect.NativeMethodAccessorImpl.invoke0(Native Method)
	at java.base/jdk.internal.reflect.NativeMethodAccessorImpl.invoke(NativeMethodAccessorImpl.java:77)
	at java.base/jdk.internal.reflect.DelegatingMethodAccessorImpl.invoke(DelegatingMethodAccessorImpl.java:43)
Caused by: com.kms.katalon.core.exception.StepFailedException: Unable to select option by label 'Musical Instruments' of object 'Object Repository/DDT_Amazon_Category_Excel_OR/Page_Amazon.com. Spend less. Smile more/CategoryElement' 
	... 22 more
Caused by: org.openqa.selenium.NoSuchElementException: Cannot locate element with text: Musical Instruments
For documentation on this error, please visit: https://www.seleniumhq.org/exceptions/no_such_element.html
Build info: version: '3.141.59', revision: 'e82be7d358', time: '2018-11-14T08:25:53'
System info: host: 'DEVs-MacBook-Air.local', ip: '2405:201:6814:a221:6c37:5f37:eb50:22ac%en0', os.name: 'Mac OS X', os.arch: 'aarch64', os.version: '14.2.1', java.version: '17.0.7'
Driver info: driver.version: unknown
	at org.openqa.selenium.support.ui.Select.selectByVisibleText(Select.java:147)
	at com.kms.katalon.core.webui.common.WebUiCommonHelper.selectOrDeselectOptionsByLabel(WebUiCommonHelper.java:310)
	at com.kms.katalon.core.webui.keyword.builtin.SelectOptionByLabelKeyword$_selectOptionByLabel_closure1.doCall(SelectOptionByLabelKeyword.groovy:87)
	at com.kms.katalon.core.webui.keyword.builtin.SelectOptionByLabelKeyword$_selectOptionByLabel_closure1.call(SelectOptionByLabelKeyword.groovy)
	at com.kms.katalon.core.webui.keyword.internal.WebUIKeywordMain.runKeyword(WebUIKeywordMain.groovy:20)
	... 20 more]]></system-err>
      </testcase>
      <testcase name="Test Cases/Data_Driven_Testing/TC_Amazon_Validating_Category_Excel_001" time="11.865" classname="Test Cases/Data_Driven_Testing/TC_Amazon_Validating_Category_Excel_001" status="PASSED">
         <system-out><![CDATA[2024-02-02 04:26:18 - [TEST_CASE][PASSED] - Test Cases/Data_Driven_Testing/TC_Amazon_Validating_Category_Excel_001: Test Cases/Data_Driven_Testing/TC_Amazon_Validating_Category_Excel_001

2024-02-02 04:26:18 - [TEST_STEP][PASSED] - openBrowser(""): Browser is opened with url: ''

2024-02-02 04:26:18 - [MESSAGE][INFO] - Starting 'Chrome' driver

2024-02-02 04:26:18 - [MESSAGE][INFO] - Action delay is set to 0 milliseconds

2024-02-02 04:26:19 - [MESSAGE][PASSED] - Browser is opened with url: ''

2024-02-02 04:26:19 - [TEST_STEP][PASSED] - navigateToUrl("http://amazon.com/"): Navigate to 'http://amazon.com/' successfully

2024-02-02 04:26:22 - [MESSAGE][PASSED] - Navigate to 'http://amazon.com/' successfully

2024-02-02 04:26:22 - [TEST_STEP][PASSED] - selectOptionByLabel(findTestObject("DDT_Amazon_Category_Excel_OR/Page_Amazon.com. Spend less. Smile more/CategoryElement"), category, false): All options with label 'Baby' are selected in object 'Object Repository/DDT_Amazon_Category_Excel_OR/Page_Amazon.com. Spend less. Smile more/CategoryElement' 

2024-02-02 04:26:23 - [MESSAGE][PASSED] - All options with label 'Baby' are selected in object 'Object Repository/DDT_Amazon_Category_Excel_OR/Page_Amazon.com. Spend less. Smile more/CategoryElement' 

2024-02-02 04:26:23 - [TEST_STEP][PASSED] - setText(findTestObject("DDT_Amazon_Category_Excel_OR/Page_Amazon.com. Spend less. Smile more/input_Search Amazon_field-keywords"), Item): Text 'Walker' is set on object 'Object Repository/DDT_Amazon_Category_Excel_OR/Page_Amazon.com. Spend less. Smile more/input_Search Amazon_field-keywords'

2024-02-02 04:26:25 - [MESSAGE][PASSED] - Text 'Walker' is set on object 'Object Repository/DDT_Amazon_Category_Excel_OR/Page_Amazon.com. Spend less. Smile more/input_Search Amazon_field-keywords'

2024-02-02 04:26:25 - [TEST_STEP][PASSED] - click(findTestObject("DDT_Amazon_Category_Excel_OR/Page_Amazon.com. Spend less. Smile more/input_Search Amazon_nav-search-submit-button")): Object: 'Object Repository/DDT_Amazon_Category_Excel_OR/Page_Amazon.com. Spend less. Smile more/input_Search Amazon_nav-search-submit-button' is clicked on

2024-02-02 04:26:30 - [MESSAGE][PASSED] - Object: 'Object Repository/DDT_Amazon_Category_Excel_OR/Page_Amazon.com. Spend less. Smile more/input_Search Amazon_nav-search-submit-button' is clicked on

2024-02-02 04:26:30 - [TEST_STEP][PASSED] - closeBrowser(): Browser is closed

2024-02-02 04:26:30 - [MESSAGE][PASSED] - Browser is closed]]></system-out>
         <system-err><![CDATA[]]></system-err>
      </testcase>
      <testcase name="Test Cases/Data_Driven_Testing/TC_Amazon_Validating_Category_Excel_001" time="15.086" classname="Test Cases/Data_Driven_Testing/TC_Amazon_Validating_Category_Excel_001" status="FAILED">
         <failure type="FAILED" message="Test Cases/Data_Driven_Testing/TC_Amazon_Validating_Category_Excel_001 FAILED.&#xa;Reason:&#xa;com.kms.katalon.core.exception.StepFailedException: Unable to select option by label 'Clothing &amp; Accessories' of object 'Object Repository/DDT_Amazon_Category_Excel_OR/Page_Amazon.com. Spend less. Smile more/CategoryElement'  (Root cause: com.kms.katalon.core.exception.StepFailedException: Unable to select option by label 'Clothing &amp; Accessories' of object 'Object Repository/DDT_Amazon_Category_Excel_OR/Page_Amazon.com. Spend less. Smile more/CategoryElement' &#xa;	at com.kms.katalon.core.webui.keyword.internal.WebUIKeywordMain.stepFailed(WebUIKeywordMain.groovy:64)&#xa;	at com.kms.katalon.core.webui.keyword.internal.WebUIKeywordMain.runKeyword(WebUIKeywordMain.groovy:26)&#xa;	at com.kms.katalon.core.webui.keyword.builtin.SelectOptionByLabelKeyword.selectOptionByLabel(SelectOptionByLabelKeyword.groovy:98)&#xa;	at com.kms.katalon.core.webui.keyword.builtin.SelectOptionByLabelKeyword.execute(SelectOptionByLabelKeyword.groovy:71)&#xa;	at com.kms.katalon.core.keyword.internal.KeywordExecutor.executeKeywordForPlatform(KeywordExecutor.groovy:74)&#xa;	at com.kms.katalon.core.webui.keyword.WebUiBuiltInKeywords.selectOptionByLabel(WebUiBuiltInKeywords.groovy:1230)&#xa;	at TC_Amazon_Validating_Category_Excel_001.run(TC_Amazon_Validating_Category_Excel_001:24)&#xa;	at com.kms.katalon.core.main.ScriptEngine.run(ScriptEngine.java:194)&#xa;	at com.kms.katalon.core.main.ScriptEngine.runScriptAsRawText(ScriptEngine.java:119)&#xa;	at com.kms.katalon.core.main.TestCaseExecutor.runScript(TestCaseExecutor.java:448)&#xa;	at com.kms.katalon.core.main.TestCaseExecutor.doExecute(TestCaseExecutor.java:439)&#xa;	at com.kms.katalon.core.main.TestCaseExecutor.processExecutionPhase(TestCaseExecutor.java:418)&#xa;	at com.kms.katalon.core.main.TestCaseExecutor.accessMainPhase(TestCaseExecutor.java:410)&#xa;	at com.kms.katalon.core.main.TestCaseExecutor.execute(TestCaseExecutor.java:285)&#xa;	at com.kms.katalon.core.common.CommonExecutor.accessTestCaseMainPhase(CommonExecutor.java:65)&#xa;	at com.kms.katalon.core.main.TestSuiteExecutor.accessTestSuiteMainPhase(TestSuiteExecutor.java:148)&#xa;	at com.kms.katalon.core.main.TestSuiteExecutor.execute(TestSuiteExecutor.java:106)&#xa;	at com.kms.katalon.core.main.TestCaseMain.startTestSuite(TestCaseMain.java:187)&#xa;	at TempTestSuite1706828119458.run(TempTestSuite1706828119458.groovy:36)&#xa;	at java.base/jdk.internal.reflect.NativeMethodAccessorImpl.invoke0(Native Method)&#xa;	at java.base/jdk.internal.reflect.NativeMethodAccessorImpl.invoke(NativeMethodAccessorImpl.java:77)&#xa;	at java.base/jdk.internal.reflect.DelegatingMethodAccessorImpl.invoke(DelegatingMethodAccessorImpl.java:43)&#xa;Caused by: org.openqa.selenium.NoSuchElementException: Cannot locate element with text: Clothing &amp; Accessories&#xa;For documentation on this error, please visit: https://www.seleniumhq.org/exceptions/no_such_element.html&#xa;Build info: version: '3.141.59', revision: 'e82be7d358', time: '2018-11-14T08:25:53'&#xa;System info: host: 'DEVs-MacBook-Air.local', ip: '2405:201:6814:a221:6c37:5f37:eb50:22ac%en0', os.name: 'Mac OS X', os.arch: 'aarch64', os.version: '14.2.1', java.version: '17.0.7'&#xa;Driver info: driver.version: unknown&#xa;	at org.openqa.selenium.support.ui.Select.selectByVisibleText(Select.java:147)&#xa;	at com.kms.katalon.core.webui.common.WebUiCommonHelper.selectOrDeselectOptionsByLabel(WebUiCommonHelper.java:310)&#xa;	at com.kms.katalon.core.webui.keyword.builtin.SelectOptionByLabelKeyword$_selectOptionByLabel_closure1.doCall(SelectOptionByLabelKeyword.groovy:87)&#xa;	at com.kms.katalon.core.webui.keyword.builtin.SelectOptionByLabelKeyword$_selectOptionByLabel_closure1.call(SelectOptionByLabelKeyword.groovy)&#xa;	at com.kms.katalon.core.webui.keyword.internal.WebUIKeywordMain.runKeyword(WebUIKeywordMain.groovy:20)&#xa;	at com.kms.katalon.core.webui.keyword.builtin.SelectOptionByLabelKeyword.selectOptionByLabel(SelectOptionByLabelKeyword.groovy:98)&#xa;	at com.kms.katalon.core.webui.keyword.builtin.SelectOptionByLabelKeyword.execute(SelectOptionByLabelKeyword.groovy:71)&#xa;	at com.kms.katalon.core.keyword.internal.KeywordExecutor.executeKeywordForPlatform(KeywordExecutor.groovy:74)&#xa;	at com.kms.katalon.core.webui.keyword.WebUiBuiltInKeywords.selectOptionByLabel(WebUiBuiltInKeywords.groovy:1230)&#xa;	at Script1706824386796.run(Script1706824386796.groovy:24)&#xa;	... 15 more&#xa;)&#xa;	at com.kms.katalon.core.keyword.internal.KeywordMain.stepFailed(KeywordMain.groovy:39)&#xa;	at com.kms.katalon.core.webui.keyword.internal.WebUIKeywordMain.stepFailed(WebUIKeywordMain.groovy:64)&#xa;	at com.kms.katalon.core.webui.keyword.internal.WebUIKeywordMain.runKeyword(WebUIKeywordMain.groovy:26)&#xa;	at com.kms.katalon.core.webui.keyword.builtin.SelectOptionByLabelKeyword.selectOptionByLabel(SelectOptionByLabelKeyword.groovy:98)&#xa;	at com.kms.katalon.core.webui.keyword.builtin.SelectOptionByLabelKeyword.execute(SelectOptionByLabelKeyword.groovy:71)&#xa;	at com.kms.katalon.core.keyword.internal.KeywordExecutor.executeKeywordForPlatform(KeywordExecutor.groovy:74)&#xa;	at com.kms.katalon.core.webui.keyword.WebUiBuiltInKeywords.selectOptionByLabel(WebUiBuiltInKeywords.groovy:1230)&#xa;	at TC_Amazon_Validating_Category_Excel_001.run(TC_Amazon_Validating_Category_Excel_001:24)&#xa;	at com.kms.katalon.core.main.ScriptEngine.run(ScriptEngine.java:194)&#xa;	at com.kms.katalon.core.main.ScriptEngine.runScriptAsRawText(ScriptEngine.java:119)&#xa;	at com.kms.katalon.core.main.TestCaseExecutor.runScript(TestCaseExecutor.java:448)&#xa;	at com.kms.katalon.core.main.TestCaseExecutor.doExecute(TestCaseExecutor.java:439)&#xa;	at com.kms.katalon.core.main.TestCaseExecutor.processExecutionPhase(TestCaseExecutor.java:418)&#xa;	at com.kms.katalon.core.main.TestCaseExecutor.accessMainPhase(TestCaseExecutor.java:410)&#xa;	at com.kms.katalon.core.main.TestCaseExecutor.execute(TestCaseExecutor.java:285)&#xa;	at com.kms.katalon.core.common.CommonExecutor.accessTestCaseMainPhase(CommonExecutor.java:65)&#xa;	at com.kms.katalon.core.main.TestSuiteExecutor.accessTestSuiteMainPhase(TestSuiteExecutor.java:148)&#xa;	at com.kms.katalon.core.main.TestSuiteExecutor.execute(TestSuiteExecutor.java:106)&#xa;	at com.kms.katalon.core.main.TestCaseMain.startTestSuite(TestCaseMain.java:187)&#xa;	at TempTestSuite1706828119458.run(TempTestSuite1706828119458.groovy:36)&#xa;	at java.base/jdk.internal.reflect.NativeMethodAccessorImpl.invoke0(Native Method)&#xa;	at java.base/jdk.internal.reflect.NativeMethodAccessorImpl.invoke(NativeMethodAccessorImpl.java:77)&#xa;	at java.base/jdk.internal.reflect.DelegatingMethodAccessorImpl.invoke(DelegatingMethodAccessorImpl.java:43)&#xa;Caused by: com.kms.katalon.core.exception.StepFailedException: Unable to select option by label 'Clothing &amp; Accessories' of object 'Object Repository/DDT_Amazon_Category_Excel_OR/Page_Amazon.com. Spend less. Smile more/CategoryElement' &#xa;	... 22 more&#xa;Caused by: org.openqa.selenium.NoSuchElementException: Cannot locate element with text: Clothing &amp; Accessories&#xa;For documentation on this error, please visit: https://www.seleniumhq.org/exceptions/no_such_element.html&#xa;Build info: version: '3.141.59', revision: 'e82be7d358', time: '2018-11-14T08:25:53'&#xa;System info: host: 'DEVs-MacBook-Air.local', ip: '2405:201:6814:a221:6c37:5f37:eb50:22ac%en0', os.name: 'Mac OS X', os.arch: 'aarch64', os.version: '14.2.1', java.version: '17.0.7'&#xa;Driver info: driver.version: unknown&#xa;	at org.openqa.selenium.support.ui.Select.selectByVisibleText(Select.java:147)&#xa;	at com.kms.katalon.core.webui.common.WebUiCommonHelper.selectOrDeselectOptionsByLabel(WebUiCommonHelper.java:310)&#xa;	at com.kms.katalon.core.webui.keyword.builtin.SelectOptionByLabelKeyword$_selectOptionByLabel_closure1.doCall(SelectOptionByLabelKeyword.groovy:87)&#xa;	at com.kms.katalon.core.webui.keyword.builtin.SelectOptionByLabelKeyword$_selectOptionByLabel_closure1.call(SelectOptionByLabelKeyword.groovy)&#xa;	at com.kms.katalon.core.webui.keyword.internal.WebUIKeywordMain.runKeyword(WebUIKeywordMain.groovy:20)&#xa;	... 20 more&#xa;"/>
         <system-out><![CDATA[2024-02-02 04:26:30 - [TEST_CASE][FAILED] - Test Cases/Data_Driven_Testing/TC_Amazon_Validating_Category_Excel_001: Test Cases/Data_Driven_Testing/TC_Amazon_Validating_Category_Excel_001 FAILED.
Reason:
com.kms.katalon.core.exception.StepFailedException: Unable to select option by label 'Clothing & Accessories' of object 'Object Repository/DDT_Amazon_Category_Excel_OR/Page_Amazon.com. Spend less. Smile more/CategoryElement'  (Root cause: com.kms.katalon.core.exception.StepFailedException: Unable to select option by label 'Clothing & Accessories' of object 'Object Repository/DDT_Amazon_Category_Excel_OR/Page_Amazon.com. Spend less. Smile more/CategoryElement' 
	at com.kms.katalon.core.webui.keyword.internal.WebUIKeywordMain.stepFailed(WebUIKeywordMain.groovy:64)
	at com.kms.katalon.core.webui.keyword.internal.WebUIKeywordMain.runKeyword(WebUIKeywordMain.groovy:26)
	at com.kms.katalon.core.webui.keyword.builtin.SelectOptionByLabelKeyword.selectOptionByLabel(SelectOptionByLabelKeyword.groovy:98)
	at com.kms.katalon.core.webui.keyword.builtin.SelectOptionByLabelKeyword.execute(SelectOptionByLabelKeyword.groovy:71)
	at com.kms.katalon.core.keyword.internal.KeywordExecutor.executeKeywordForPlatform(KeywordExecutor.groovy:74)
	at com.kms.katalon.core.webui.keyword.WebUiBuiltInKeywords.selectOptionByLabel(WebUiBuiltInKeywords.groovy:1230)
	at TC_Amazon_Validating_Category_Excel_001.run(TC_Amazon_Validating_Category_Excel_001:24)
	at com.kms.katalon.core.main.ScriptEngine.run(ScriptEngine.java:194)
	at com.kms.katalon.core.main.ScriptEngine.runScriptAsRawText(ScriptEngine.java:119)
	at com.kms.katalon.core.main.TestCaseExecutor.runScript(TestCaseExecutor.java:448)
	at com.kms.katalon.core.main.TestCaseExecutor.doExecute(TestCaseExecutor.java:439)
	at com.kms.katalon.core.main.TestCaseExecutor.processExecutionPhase(TestCaseExecutor.java:418)
	at com.kms.katalon.core.main.TestCaseExecutor.accessMainPhase(TestCaseExecutor.java:410)
	at com.kms.katalon.core.main.TestCaseExecutor.execute(TestCaseExecutor.java:285)
	at com.kms.katalon.core.common.CommonExecutor.accessTestCaseMainPhase(CommonExecutor.java:65)
	at com.kms.katalon.core.main.TestSuiteExecutor.accessTestSuiteMainPhase(TestSuiteExecutor.java:148)
	at com.kms.katalon.core.main.TestSuiteExecutor.execute(TestSuiteExecutor.java:106)
	at com.kms.katalon.core.main.TestCaseMain.startTestSuite(TestCaseMain.java:187)
	at TempTestSuite1706828119458.run(TempTestSuite1706828119458.groovy:36)
	at java.base/jdk.internal.reflect.NativeMethodAccessorImpl.invoke0(Native Method)
	at java.base/jdk.internal.reflect.NativeMethodAccessorImpl.invoke(NativeMethodAccessorImpl.java:77)
	at java.base/jdk.internal.reflect.DelegatingMethodAccessorImpl.invoke(DelegatingMethodAccessorImpl.java:43)
Caused by: org.openqa.selenium.NoSuchElementException: Cannot locate element with text: Clothing & Accessories
For documentation on this error, please visit: https://www.seleniumhq.org/exceptions/no_such_element.html
Build info: version: '3.141.59', revision: 'e82be7d358', time: '2018-11-14T08:25:53'
System info: host: 'DEVs-MacBook-Air.local', ip: '2405:201:6814:a221:6c37:5f37:eb50:22ac%en0', os.name: 'Mac OS X', os.arch: 'aarch64', os.version: '14.2.1', java.version: '17.0.7'
Driver info: driver.version: unknown
	at org.openqa.selenium.support.ui.Select.selectByVisibleText(Select.java:147)
	at com.kms.katalon.core.webui.common.WebUiCommonHelper.selectOrDeselectOptionsByLabel(WebUiCommonHelper.java:310)
	at com.kms.katalon.core.webui.keyword.builtin.SelectOptionByLabelKeyword$_selectOptionByLabel_closure1.doCall(SelectOptionByLabelKeyword.groovy:87)
	at com.kms.katalon.core.webui.keyword.builtin.SelectOptionByLabelKeyword$_selectOptionByLabel_closure1.call(SelectOptionByLabelKeyword.groovy)
	at com.kms.katalon.core.webui.keyword.internal.WebUIKeywordMain.runKeyword(WebUIKeywordMain.groovy:20)
	at com.kms.katalon.core.webui.keyword.builtin.SelectOptionByLabelKeyword.selectOptionByLabel(SelectOptionByLabelKeyword.groovy:98)
	at com.kms.katalon.core.webui.keyword.builtin.SelectOptionByLabelKeyword.execute(SelectOptionByLabelKeyword.groovy:71)
	at com.kms.katalon.core.keyword.internal.KeywordExecutor.executeKeywordForPlatform(KeywordExecutor.groovy:74)
	at com.kms.katalon.core.webui.keyword.WebUiBuiltInKeywords.selectOptionByLabel(WebUiBuiltInKeywords.groovy:1230)
	at Script1706824386796.run(Script1706824386796.groovy:24)
	... 15 more
)
	at com.kms.katalon.core.keyword.internal.KeywordMain.stepFailed(KeywordMain.groovy:39)
	at com.kms.katalon.core.webui.keyword.internal.WebUIKeywordMain.stepFailed(WebUIKeywordMain.groovy:64)
	at com.kms.katalon.core.webui.keyword.internal.WebUIKeywordMain.runKeyword(WebUIKeywordMain.groovy:26)
	at com.kms.katalon.core.webui.keyword.builtin.SelectOptionByLabelKeyword.selectOptionByLabel(SelectOptionByLabelKeyword.groovy:98)
	at com.kms.katalon.core.webui.keyword.builtin.SelectOptionByLabelKeyword.execute(SelectOptionByLabelKeyword.groovy:71)
	at com.kms.katalon.core.keyword.internal.KeywordExecutor.executeKeywordForPlatform(KeywordExecutor.groovy:74)
	at com.kms.katalon.core.webui.keyword.WebUiBuiltInKeywords.selectOptionByLabel(WebUiBuiltInKeywords.groovy:1230)
	at TC_Amazon_Validating_Category_Excel_001.run(TC_Amazon_Validating_Category_Excel_001:24)
	at com.kms.katalon.core.main.ScriptEngine.run(ScriptEngine.java:194)
	at com.kms.katalon.core.main.ScriptEngine.runScriptAsRawText(ScriptEngine.java:119)
	at com.kms.katalon.core.main.TestCaseExecutor.runScript(TestCaseExecutor.java:448)
	at com.kms.katalon.core.main.TestCaseExecutor.doExecute(TestCaseExecutor.java:439)
	at com.kms.katalon.core.main.TestCaseExecutor.processExecutionPhase(TestCaseExecutor.java:418)
	at com.kms.katalon.core.main.TestCaseExecutor.accessMainPhase(TestCaseExecutor.java:410)
	at com.kms.katalon.core.main.TestCaseExecutor.execute(TestCaseExecutor.java:285)
	at com.kms.katalon.core.common.CommonExecutor.accessTestCaseMainPhase(CommonExecutor.java:65)
	at com.kms.katalon.core.main.TestSuiteExecutor.accessTestSuiteMainPhase(TestSuiteExecutor.java:148)
	at com.kms.katalon.core.main.TestSuiteExecutor.execute(TestSuiteExecutor.java:106)
	at com.kms.katalon.core.main.TestCaseMain.startTestSuite(TestCaseMain.java:187)
	at TempTestSuite1706828119458.run(TempTestSuite1706828119458.groovy:36)
	at java.base/jdk.internal.reflect.NativeMethodAccessorImpl.invoke0(Native Method)
	at java.base/jdk.internal.reflect.NativeMethodAccessorImpl.invoke(NativeMethodAccessorImpl.java:77)
	at java.base/jdk.internal.reflect.DelegatingMethodAccessorImpl.invoke(DelegatingMethodAccessorImpl.java:43)
Caused by: com.kms.katalon.core.exception.StepFailedException: Unable to select option by label 'Clothing & Accessories' of object 'Object Repository/DDT_Amazon_Category_Excel_OR/Page_Amazon.com. Spend less. Smile more/CategoryElement' 
	... 22 more
Caused by: org.openqa.selenium.NoSuchElementException: Cannot locate element with text: Clothing & Accessories
For documentation on this error, please visit: https://www.seleniumhq.org/exceptions/no_such_element.html
Build info: version: '3.141.59', revision: 'e82be7d358', time: '2018-11-14T08:25:53'
System info: host: 'DEVs-MacBook-Air.local', ip: '2405:201:6814:a221:6c37:5f37:eb50:22ac%en0', os.name: 'Mac OS X', os.arch: 'aarch64', os.version: '14.2.1', java.version: '17.0.7'
Driver info: driver.version: unknown
	at org.openqa.selenium.support.ui.Select.selectByVisibleText(Select.java:147)
	at com.kms.katalon.core.webui.common.WebUiCommonHelper.selectOrDeselectOptionsByLabel(WebUiCommonHelper.java:310)
	at com.kms.katalon.core.webui.keyword.builtin.SelectOptionByLabelKeyword$_selectOptionByLabel_closure1.doCall(SelectOptionByLabelKeyword.groovy:87)
	at com.kms.katalon.core.webui.keyword.builtin.SelectOptionByLabelKeyword$_selectOptionByLabel_closure1.call(SelectOptionByLabelKeyword.groovy)
	at com.kms.katalon.core.webui.keyword.internal.WebUIKeywordMain.runKeyword(WebUIKeywordMain.groovy:20)
	... 20 more


2024-02-02 04:26:30 - [TEST_STEP][PASSED] - openBrowser(""): Browser is opened with url: ''

2024-02-02 04:26:30 - [MESSAGE][INFO] - Starting 'Chrome' driver

2024-02-02 04:26:30 - [MESSAGE][INFO] - Action delay is set to 0 milliseconds

2024-02-02 04:26:31 - [MESSAGE][PASSED] - Browser is opened with url: ''

2024-02-02 04:26:31 - [TEST_STEP][PASSED] - navigateToUrl("http://amazon.com/"): Navigate to 'http://amazon.com/' successfully

2024-02-02 04:26:34 - [MESSAGE][PASSED] - Navigate to 'http://amazon.com/' successfully

2024-02-02 04:26:34 - [TEST_STEP][FAILED] - selectOptionByLabel(findTestObject("DDT_Amazon_Category_Excel_OR/Page_Amazon.com. Spend less. Smile more/CategoryElement"), category, false): Unable to select option by label 'Clothing & Accessories' of object 'Object Repository/DDT_Amazon_Category_Excel_OR/Page_Amazon.com. Spend less. Smile more/CategoryElement'  (Root cause: com.kms.katalon.core.exception.StepFailedException: Unable to select option by label 'Clothing & Accessories' of object 'Object Repository/DDT_Amazon_Category_Excel_OR/Page_Amazon.com. Spend less. Smile more/CategoryElement' 
	at com.kms.katalon.core.webui.keyword.internal.WebUIKeywordMain.stepFailed(WebUIKeywordMain.groovy:64)
	at com.kms.katalon.core.webui.keyword.internal.WebUIKeywordMain.runKeyword(WebUIKeywordMain.groovy:26)
	at com.kms.katalon.core.webui.keyword.builtin.SelectOptionByLabelKeyword.selectOptionByLabel(SelectOptionByLabelKeyword.groovy:98)
	at com.kms.katalon.core.webui.keyword.builtin.SelectOptionByLabelKeyword.execute(SelectOptionByLabelKeyword.groovy:71)
	at com.kms.katalon.core.keyword.internal.KeywordExecutor.executeKeywordForPlatform(KeywordExecutor.groovy:74)
	at com.kms.katalon.core.webui.keyword.WebUiBuiltInKeywords.selectOptionByLabel(WebUiBuiltInKeywords.groovy:1230)
	at TC_Amazon_Validating_Category_Excel_001.run(TC_Amazon_Validating_Category_Excel_001:24)
	at com.kms.katalon.core.main.ScriptEngine.run(ScriptEngine.java:194)
	at com.kms.katalon.core.main.ScriptEngine.runScriptAsRawText(ScriptEngine.java:119)
	at com.kms.katalon.core.main.TestCaseExecutor.runScript(TestCaseExecutor.java:448)
	at com.kms.katalon.core.main.TestCaseExecutor.doExecute(TestCaseExecutor.java:439)
	at com.kms.katalon.core.main.TestCaseExecutor.processExecutionPhase(TestCaseExecutor.java:418)
	at com.kms.katalon.core.main.TestCaseExecutor.accessMainPhase(TestCaseExecutor.java:410)
	at com.kms.katalon.core.main.TestCaseExecutor.execute(TestCaseExecutor.java:285)
	at com.kms.katalon.core.common.CommonExecutor.accessTestCaseMainPhase(CommonExecutor.java:65)
	at com.kms.katalon.core.main.TestSuiteExecutor.accessTestSuiteMainPhase(TestSuiteExecutor.java:148)
	at com.kms.katalon.core.main.TestSuiteExecutor.execute(TestSuiteExecutor.java:106)
	at com.kms.katalon.core.main.TestCaseMain.startTestSuite(TestCaseMain.java:187)
	at TempTestSuite1706828119458.run(TempTestSuite1706828119458.groovy:36)
	at java.base/jdk.internal.reflect.NativeMethodAccessorImpl.invoke0(Native Method)
	at java.base/jdk.internal.reflect.NativeMethodAccessorImpl.invoke(NativeMethodAccessorImpl.java:77)
	at java.base/jdk.internal.reflect.DelegatingMethodAccessorImpl.invoke(DelegatingMethodAccessorImpl.java:43)
Caused by: org.openqa.selenium.NoSuchElementException: Cannot locate element with text: Clothing & Accessories
For documentation on this error, please visit: https://www.seleniumhq.org/exceptions/no_such_element.html
Build info: version: '3.141.59', revision: 'e82be7d358', time: '2018-11-14T08:25:53'
System info: host: 'DEVs-MacBook-Air.local', ip: '2405:201:6814:a221:6c37:5f37:eb50:22ac%en0', os.name: 'Mac OS X', os.arch: 'aarch64', os.version: '14.2.1', java.version: '17.0.7'
Driver info: driver.version: unknown
	at org.openqa.selenium.support.ui.Select.selectByVisibleText(Select.java:147)
	at com.kms.katalon.core.webui.common.WebUiCommonHelper.selectOrDeselectOptionsByLabel(WebUiCommonHelper.java:310)
	at com.kms.katalon.core.webui.keyword.builtin.SelectOptionByLabelKeyword$_selectOptionByLabel_closure1.doCall(SelectOptionByLabelKeyword.groovy:87)
	at com.kms.katalon.core.webui.keyword.builtin.SelectOptionByLabelKeyword$_selectOptionByLabel_closure1.call(SelectOptionByLabelKeyword.groovy)
	at com.kms.katalon.core.webui.keyword.internal.WebUIKeywordMain.runKeyword(WebUIKeywordMain.groovy:20)
	at com.kms.katalon.core.webui.keyword.builtin.SelectOptionByLabelKeyword.selectOptionByLabel(SelectOptionByLabelKeyword.groovy:98)
	at com.kms.katalon.core.webui.keyword.builtin.SelectOptionByLabelKeyword.execute(SelectOptionByLabelKeyword.groovy:71)
	at com.kms.katalon.core.keyword.internal.KeywordExecutor.executeKeywordForPlatform(KeywordExecutor.groovy:74)
	at com.kms.katalon.core.webui.keyword.WebUiBuiltInKeywords.selectOptionByLabel(WebUiBuiltInKeywords.groovy:1230)
	at Script1706824386796.run(Script1706824386796.groovy:24)
	... 15 more
)

2024-02-02 04:26:37 - [MESSAGE][FAILED] - Unable to select option by label 'Clothing & Accessories' of object 'Object Repository/DDT_Amazon_Category_Excel_OR/Page_Amazon.com. Spend less. Smile more/CategoryElement'  (Root cause: com.kms.katalon.core.exception.StepFailedException: Unable to select option by label 'Clothing & Accessories' of object 'Object Repository/DDT_Amazon_Category_Excel_OR/Page_Amazon.com. Spend less. Smile more/CategoryElement' 
	at com.kms.katalon.core.webui.keyword.internal.WebUIKeywordMain.stepFailed(WebUIKeywordMain.groovy:64)
	at com.kms.katalon.core.webui.keyword.internal.WebUIKeywordMain.runKeyword(WebUIKeywordMain.groovy:26)
	at com.kms.katalon.core.webui.keyword.builtin.SelectOptionByLabelKeyword.selectOptionByLabel(SelectOptionByLabelKeyword.groovy:98)
	at com.kms.katalon.core.webui.keyword.builtin.SelectOptionByLabelKeyword.execute(SelectOptionByLabelKeyword.groovy:71)
	at com.kms.katalon.core.keyword.internal.KeywordExecutor.executeKeywordForPlatform(KeywordExecutor.groovy:74)
	at com.kms.katalon.core.webui.keyword.WebUiBuiltInKeywords.selectOptionByLabel(WebUiBuiltInKeywords.groovy:1230)
	at TC_Amazon_Validating_Category_Excel_001.run(TC_Amazon_Validating_Category_Excel_001:24)
	at com.kms.katalon.core.main.ScriptEngine.run(ScriptEngine.java:194)
	at com.kms.katalon.core.main.ScriptEngine.runScriptAsRawText(ScriptEngine.java:119)
	at com.kms.katalon.core.main.TestCaseExecutor.runScript(TestCaseExecutor.java:448)
	at com.kms.katalon.core.main.TestCaseExecutor.doExecute(TestCaseExecutor.java:439)
	at com.kms.katalon.core.main.TestCaseExecutor.processExecutionPhase(TestCaseExecutor.java:418)
	at com.kms.katalon.core.main.TestCaseExecutor.accessMainPhase(TestCaseExecutor.java:410)
	at com.kms.katalon.core.main.TestCaseExecutor.execute(TestCaseExecutor.java:285)
	at com.kms.katalon.core.common.CommonExecutor.accessTestCaseMainPhase(CommonExecutor.java:65)
	at com.kms.katalon.core.main.TestSuiteExecutor.accessTestSuiteMainPhase(TestSuiteExecutor.java:148)
	at com.kms.katalon.core.main.TestSuiteExecutor.execute(TestSuiteExecutor.java:106)
	at com.kms.katalon.core.main.TestCaseMain.startTestSuite(TestCaseMain.java:187)
	at TempTestSuite1706828119458.run(TempTestSuite1706828119458.groovy:36)
	at java.base/jdk.internal.reflect.NativeMethodAccessorImpl.invoke0(Native Method)
	at java.base/jdk.internal.reflect.NativeMethodAccessorImpl.invoke(NativeMethodAccessorImpl.java:77)
	at java.base/jdk.internal.reflect.DelegatingMethodAccessorImpl.invoke(DelegatingMethodAccessorImpl.java:43)
Caused by: org.openqa.selenium.NoSuchElementException: Cannot locate element with text: Clothing & Accessories
For documentation on this error, please visit: https://www.seleniumhq.org/exceptions/no_such_element.html
Build info: version: '3.141.59', revision: 'e82be7d358', time: '2018-11-14T08:25:53'
System info: host: 'DEVs-MacBook-Air.local', ip: '2405:201:6814:a221:6c37:5f37:eb50:22ac%en0', os.name: 'Mac OS X', os.arch: 'aarch64', os.version: '14.2.1', java.version: '17.0.7'
Driver info: driver.version: unknown
	at org.openqa.selenium.support.ui.Select.selectByVisibleText(Select.java:147)
	at com.kms.katalon.core.webui.common.WebUiCommonHelper.selectOrDeselectOptionsByLabel(WebUiCommonHelper.java:310)
	at com.kms.katalon.core.webui.keyword.builtin.SelectOptionByLabelKeyword$_selectOptionByLabel_closure1.doCall(SelectOptionByLabelKeyword.groovy:87)
	at com.kms.katalon.core.webui.keyword.builtin.SelectOptionByLabelKeyword$_selectOptionByLabel_closure1.call(SelectOptionByLabelKeyword.groovy)
	at com.kms.katalon.core.webui.keyword.internal.WebUIKeywordMain.runKeyword(WebUIKeywordMain.groovy:20)
	at com.kms.katalon.core.webui.keyword.builtin.SelectOptionByLabelKeyword.selectOptionByLabel(SelectOptionByLabelKeyword.groovy:98)
	at com.kms.katalon.core.webui.keyword.builtin.SelectOptionByLabelKeyword.execute(SelectOptionByLabelKeyword.groovy:71)
	at com.kms.katalon.core.keyword.internal.KeywordExecutor.executeKeywordForPlatform(KeywordExecutor.groovy:74)
	at com.kms.katalon.core.webui.keyword.WebUiBuiltInKeywords.selectOptionByLabel(WebUiBuiltInKeywords.groovy:1230)
	at Script1706824386796.run(Script1706824386796.groovy:24)
	... 15 more
)
[[ATTACHMENT|/Users/dev/git/Katalon_Software-Automation-Testing/Reports/20240202_042519/DDT_Amazon_Category_Test Suite/DDT_Amazon_Category_Validation_Test Suite/20240202_042519/1706828197041.png]]

2024-02-02 04:26:37 - [TEST_STEP][PASSED] - setText(findTestObject("DDT_Amazon_Category_Excel_OR/Page_Amazon.com. Spend less. Smile more/input_Search Amazon_field-keywords"), Item): Text 'Shirt' is set on object 'Object Repository/DDT_Amazon_Category_Excel_OR/Page_Amazon.com. Spend less. Smile more/input_Search Amazon_field-keywords'

2024-02-02 04:26:38 - [MESSAGE][PASSED] - Text 'Shirt' is set on object 'Object Repository/DDT_Amazon_Category_Excel_OR/Page_Amazon.com. Spend less. Smile more/input_Search Amazon_field-keywords'

2024-02-02 04:26:38 - [TEST_STEP][PASSED] - click(findTestObject("DDT_Amazon_Category_Excel_OR/Page_Amazon.com. Spend less. Smile more/input_Search Amazon_nav-search-submit-button")): Object: 'Object Repository/DDT_Amazon_Category_Excel_OR/Page_Amazon.com. Spend less. Smile more/input_Search Amazon_nav-search-submit-button' is clicked on

2024-02-02 04:26:45 - [MESSAGE][PASSED] - Object: 'Object Repository/DDT_Amazon_Category_Excel_OR/Page_Amazon.com. Spend less. Smile more/input_Search Amazon_nav-search-submit-button' is clicked on

2024-02-02 04:26:45 - [TEST_STEP][PASSED] - closeBrowser(): Browser is closed

2024-02-02 04:26:45 - [MESSAGE][PASSED] - Browser is closed]]></system-out>
         <system-err><![CDATA[2024-02-02 04:26:30 - [TEST_CASE][FAILED] - Test Cases/Data_Driven_Testing/TC_Amazon_Validating_Category_Excel_001: Test Cases/Data_Driven_Testing/TC_Amazon_Validating_Category_Excel_001 FAILED.
Reason:
com.kms.katalon.core.exception.StepFailedException: Unable to select option by label 'Clothing & Accessories' of object 'Object Repository/DDT_Amazon_Category_Excel_OR/Page_Amazon.com. Spend less. Smile more/CategoryElement'  (Root cause: com.kms.katalon.core.exception.StepFailedException: Unable to select option by label 'Clothing & Accessories' of object 'Object Repository/DDT_Amazon_Category_Excel_OR/Page_Amazon.com. Spend less. Smile more/CategoryElement' 
	at com.kms.katalon.core.webui.keyword.internal.WebUIKeywordMain.stepFailed(WebUIKeywordMain.groovy:64)
	at com.kms.katalon.core.webui.keyword.internal.WebUIKeywordMain.runKeyword(WebUIKeywordMain.groovy:26)
	at com.kms.katalon.core.webui.keyword.builtin.SelectOptionByLabelKeyword.selectOptionByLabel(SelectOptionByLabelKeyword.groovy:98)
	at com.kms.katalon.core.webui.keyword.builtin.SelectOptionByLabelKeyword.execute(SelectOptionByLabelKeyword.groovy:71)
	at com.kms.katalon.core.keyword.internal.KeywordExecutor.executeKeywordForPlatform(KeywordExecutor.groovy:74)
	at com.kms.katalon.core.webui.keyword.WebUiBuiltInKeywords.selectOptionByLabel(WebUiBuiltInKeywords.groovy:1230)
	at TC_Amazon_Validating_Category_Excel_001.run(TC_Amazon_Validating_Category_Excel_001:24)
	at com.kms.katalon.core.main.ScriptEngine.run(ScriptEngine.java:194)
	at com.kms.katalon.core.main.ScriptEngine.runScriptAsRawText(ScriptEngine.java:119)
	at com.kms.katalon.core.main.TestCaseExecutor.runScript(TestCaseExecutor.java:448)
	at com.kms.katalon.core.main.TestCaseExecutor.doExecute(TestCaseExecutor.java:439)
	at com.kms.katalon.core.main.TestCaseExecutor.processExecutionPhase(TestCaseExecutor.java:418)
	at com.kms.katalon.core.main.TestCaseExecutor.accessMainPhase(TestCaseExecutor.java:410)
	at com.kms.katalon.core.main.TestCaseExecutor.execute(TestCaseExecutor.java:285)
	at com.kms.katalon.core.common.CommonExecutor.accessTestCaseMainPhase(CommonExecutor.java:65)
	at com.kms.katalon.core.main.TestSuiteExecutor.accessTestSuiteMainPhase(TestSuiteExecutor.java:148)
	at com.kms.katalon.core.main.TestSuiteExecutor.execute(TestSuiteExecutor.java:106)
	at com.kms.katalon.core.main.TestCaseMain.startTestSuite(TestCaseMain.java:187)
	at TempTestSuite1706828119458.run(TempTestSuite1706828119458.groovy:36)
	at java.base/jdk.internal.reflect.NativeMethodAccessorImpl.invoke0(Native Method)
	at java.base/jdk.internal.reflect.NativeMethodAccessorImpl.invoke(NativeMethodAccessorImpl.java:77)
	at java.base/jdk.internal.reflect.DelegatingMethodAccessorImpl.invoke(DelegatingMethodAccessorImpl.java:43)
Caused by: org.openqa.selenium.NoSuchElementException: Cannot locate element with text: Clothing & Accessories
For documentation on this error, please visit: https://www.seleniumhq.org/exceptions/no_such_element.html
Build info: version: '3.141.59', revision: 'e82be7d358', time: '2018-11-14T08:25:53'
System info: host: 'DEVs-MacBook-Air.local', ip: '2405:201:6814:a221:6c37:5f37:eb50:22ac%en0', os.name: 'Mac OS X', os.arch: 'aarch64', os.version: '14.2.1', java.version: '17.0.7'
Driver info: driver.version: unknown
	at org.openqa.selenium.support.ui.Select.selectByVisibleText(Select.java:147)
	at com.kms.katalon.core.webui.common.WebUiCommonHelper.selectOrDeselectOptionsByLabel(WebUiCommonHelper.java:310)
	at com.kms.katalon.core.webui.keyword.builtin.SelectOptionByLabelKeyword$_selectOptionByLabel_closure1.doCall(SelectOptionByLabelKeyword.groovy:87)
	at com.kms.katalon.core.webui.keyword.builtin.SelectOptionByLabelKeyword$_selectOptionByLabel_closure1.call(SelectOptionByLabelKeyword.groovy)
	at com.kms.katalon.core.webui.keyword.internal.WebUIKeywordMain.runKeyword(WebUIKeywordMain.groovy:20)
	at com.kms.katalon.core.webui.keyword.builtin.SelectOptionByLabelKeyword.selectOptionByLabel(SelectOptionByLabelKeyword.groovy:98)
	at com.kms.katalon.core.webui.keyword.builtin.SelectOptionByLabelKeyword.execute(SelectOptionByLabelKeyword.groovy:71)
	at com.kms.katalon.core.keyword.internal.KeywordExecutor.executeKeywordForPlatform(KeywordExecutor.groovy:74)
	at com.kms.katalon.core.webui.keyword.WebUiBuiltInKeywords.selectOptionByLabel(WebUiBuiltInKeywords.groovy:1230)
	at Script1706824386796.run(Script1706824386796.groovy:24)
	... 15 more
)
	at com.kms.katalon.core.keyword.internal.KeywordMain.stepFailed(KeywordMain.groovy:39)
	at com.kms.katalon.core.webui.keyword.internal.WebUIKeywordMain.stepFailed(WebUIKeywordMain.groovy:64)
	at com.kms.katalon.core.webui.keyword.internal.WebUIKeywordMain.runKeyword(WebUIKeywordMain.groovy:26)
	at com.kms.katalon.core.webui.keyword.builtin.SelectOptionByLabelKeyword.selectOptionByLabel(SelectOptionByLabelKeyword.groovy:98)
	at com.kms.katalon.core.webui.keyword.builtin.SelectOptionByLabelKeyword.execute(SelectOptionByLabelKeyword.groovy:71)
	at com.kms.katalon.core.keyword.internal.KeywordExecutor.executeKeywordForPlatform(KeywordExecutor.groovy:74)
	at com.kms.katalon.core.webui.keyword.WebUiBuiltInKeywords.selectOptionByLabel(WebUiBuiltInKeywords.groovy:1230)
	at TC_Amazon_Validating_Category_Excel_001.run(TC_Amazon_Validating_Category_Excel_001:24)
	at com.kms.katalon.core.main.ScriptEngine.run(ScriptEngine.java:194)
	at com.kms.katalon.core.main.ScriptEngine.runScriptAsRawText(ScriptEngine.java:119)
	at com.kms.katalon.core.main.TestCaseExecutor.runScript(TestCaseExecutor.java:448)
	at com.kms.katalon.core.main.TestCaseExecutor.doExecute(TestCaseExecutor.java:439)
	at com.kms.katalon.core.main.TestCaseExecutor.processExecutionPhase(TestCaseExecutor.java:418)
	at com.kms.katalon.core.main.TestCaseExecutor.accessMainPhase(TestCaseExecutor.java:410)
	at com.kms.katalon.core.main.TestCaseExecutor.execute(TestCaseExecutor.java:285)
	at com.kms.katalon.core.common.CommonExecutor.accessTestCaseMainPhase(CommonExecutor.java:65)
	at com.kms.katalon.core.main.TestSuiteExecutor.accessTestSuiteMainPhase(TestSuiteExecutor.java:148)
	at com.kms.katalon.core.main.TestSuiteExecutor.execute(TestSuiteExecutor.java:106)
	at com.kms.katalon.core.main.TestCaseMain.startTestSuite(TestCaseMain.java:187)
	at TempTestSuite1706828119458.run(TempTestSuite1706828119458.groovy:36)
	at java.base/jdk.internal.reflect.NativeMethodAccessorImpl.invoke0(Native Method)
	at java.base/jdk.internal.reflect.NativeMethodAccessorImpl.invoke(NativeMethodAccessorImpl.java:77)
	at java.base/jdk.internal.reflect.DelegatingMethodAccessorImpl.invoke(DelegatingMethodAccessorImpl.java:43)
Caused by: com.kms.katalon.core.exception.StepFailedException: Unable to select option by label 'Clothing & Accessories' of object 'Object Repository/DDT_Amazon_Category_Excel_OR/Page_Amazon.com. Spend less. Smile more/CategoryElement' 
	... 22 more
Caused by: org.openqa.selenium.NoSuchElementException: Cannot locate element with text: Clothing & Accessories
For documentation on this error, please visit: https://www.seleniumhq.org/exceptions/no_such_element.html
Build info: version: '3.141.59', revision: 'e82be7d358', time: '2018-11-14T08:25:53'
System info: host: 'DEVs-MacBook-Air.local', ip: '2405:201:6814:a221:6c37:5f37:eb50:22ac%en0', os.name: 'Mac OS X', os.arch: 'aarch64', os.version: '14.2.1', java.version: '17.0.7'
Driver info: driver.version: unknown
	at org.openqa.selenium.support.ui.Select.selectByVisibleText(Select.java:147)
	at com.kms.katalon.core.webui.common.WebUiCommonHelper.selectOrDeselectOptionsByLabel(WebUiCommonHelper.java:310)
	at com.kms.katalon.core.webui.keyword.builtin.SelectOptionByLabelKeyword$_selectOptionByLabel_closure1.doCall(SelectOptionByLabelKeyword.groovy:87)
	at com.kms.katalon.core.webui.keyword.builtin.SelectOptionByLabelKeyword$_selectOptionByLabel_closure1.call(SelectOptionByLabelKeyword.groovy)
	at com.kms.katalon.core.webui.keyword.internal.WebUIKeywordMain.runKeyword(WebUIKeywordMain.groovy:20)
	... 20 more]]></system-err>
      </testcase>
      <testcase name="Test Cases/Data_Driven_Testing/TC_Amazon_Validating_Category_Excel_001" time="9.508" classname="Test Cases/Data_Driven_Testing/TC_Amazon_Validating_Category_Excel_001" status="FAILED">
[...]
Session ID: 9ed31f33faa91241903c8ffe363fc3d3
*** Element info: {Using=xpath, value=//select[@id='searchDropdownBox']}
	at java.base/jdk.internal.reflect.NativeConstructorAccessorImpl.newInstance0(Native Method)
	at java.base/jdk.internal.reflect.NativeConstructorAccessorImpl.newInstance(NativeConstructorAccessorImpl.java:77)
	at java.base/jdk.internal.reflect.DelegatingConstructorAccessorImpl.newInstance(DelegatingConstructorAccessorImpl.java:45)
	at org.openqa.selenium.remote.http.W3CHttpResponseCodec.createException(W3CHttpResponseCodec.java:187)
	at org.openqa.selenium.remote.http.W3CHttpResponseCodec.decode(W3CHttpResponseCodec.java:122)
	at org.openqa.selenium.remote.http.W3CHttpResponseCodec.decode(W3CHttpResponseCodec.java:49)
	at org.openqa.selenium.remote.HttpCommandExecutor.execute(HttpCommandExecutor.java:158)
	at org.openqa.selenium.remote.service.DriverCommandExecutor.execute(DriverCommandExecutor.java:83)
	at org.openqa.selenium.remote.RemoteWebDriver.execute(RemoteWebDriver.java:552)
	at com.kms.katalon.selenium.driver.CChromeDriver.execute(CChromeDriver.java:19)
	at org.openqa.selenium.remote.RemoteWebDriver.findElements(RemoteWebDriver.java:353)
	at org.openqa.selenium.remote.RemoteWebDriver.findElementsByXPath(RemoteWebDriver.java:432)
	at org.openqa.selenium.By$ByXPath.findElements(By.java:348)
	at org.openqa.selenium.remote.RemoteWebDriver.findElements(RemoteWebDriver.java:311)
	at jdk.internal.reflect.GeneratedMethodAccessor8.invoke(Unknown Source)
	at java.base/jdk.internal.reflect.DelegatingMethodAccessorImpl.invoke(DelegatingMethodAccessorImpl.java:43)
	at org.openqa.selenium.support.events.EventFiringWebDriver.lambda$new$1(EventFiringWebDriver.java:105)
	at jdk.proxy2/jdk.proxy2.$Proxy23.findElements(Unknown Source)
	at org.openqa.selenium.support.events.EventFiringWebDriver.findElements(EventFiringWebDriver.java:182)
	at com.kms.katalon.core.webui.common.WebUiCommonHelper.findElementByNormalMethods(WebUiCommonHelper.java:1025)
	at com.kms.katalon.core.webui.common.WebUiCommonHelper.findElementsBySelectedMethod(WebUiCommonHelper.java:915)
	at com.kms.katalon.core.webui.common.WebUiCommonHelper.findElementsBySelectedMethod(WebUiCommonHelper.java:897)
	at com.kms.katalon.core.webui.common.WebUiCommonHelper.findElementsBySelectedMethod(WebUiCommonHelper.java:892)
	at com.kms.katalon.core.webui.common.WebUiCommonHelper.findElementsByDefault(WebUiCommonHelper.java:888)
	at com.kms.katalon.core.webui.common.WebUiCommonHelper.findWebElements(WebUiCommonHelper.java:720)
	at com.kms.katalon.core.webui.common.WebUiCommonHelper.findWebElement(WebUiCommonHelper.java:1374)
	at com.kms.katalon.core.webui.keyword.internal.WebUIAbstractKeyword.findWebElement(WebUIAbstractKeyword.groovy:27)
	at com.kms.katalon.core.webui.keyword.internal.WebUIAbstractKeyword.findWebElement(WebUIAbstractKeyword.groovy:26)
	at com.kms.katalon.core.webui.keyword.builtin.SelectOptionByLabelKeyword$_selectOptionByLabel_closure1.doCall(SelectOptionByLabelKeyword.groovy:86)
	at com.kms.katalon.core.webui.keyword.builtin.SelectOptionByLabelKeyword$_selectOptionByLabel_closure1.call(SelectOptionByLabelKeyword.groovy)
	at com.kms.katalon.core.webui.keyword.internal.WebUIKeywordMain.runKeyword(WebUIKeywordMain.groovy:20)
	... 20 more]]></system-err>
      </testcase>
      <system-out><![CDATA[2024-02-02 04:25:20 - [TEST_SUITE][FAILED] - DDT_Amazon_Category_Validation_Test Suite: Test Cases/Data_Driven_Testing/TC_Amazon_Validating_Category_Excel_001 FAILED.
Reason:
com.kms.katalon.core.exception.StepFailedException: Unable to select option by label 'Musical Instruments' of object 'Object Repository/DDT_Amazon_Category_Excel_OR/Page_Amazon.com. Spend less. Smile more/CategoryElement'  (Root cause: com.kms.katalon.core.exception.StepFailedException: Unable to select option by label 'Musical Instruments' of object 'Object Repository/DDT_Amazon_Category_Excel_OR/Page_Amazon.com. Spend less. Smile more/CategoryElement' 
	at com.kms.katalon.core.webui.keyword.internal.WebUIKeywordMain.stepFailed(WebUIKeywordMain.groovy:64)
	at com.kms.katalon.core.webui.keyword.internal.WebUIKeywordMain.runKeyword(WebUIKeywordMain.groovy:26)
	at com.kms.katalon.core.webui.keyword.builtin.SelectOptionByLabelKeyword.selectOptionByLabel(SelectOptionByLabelKeyword.groovy:98)
	at com.kms.katalon.core.webui.keyword.builtin.SelectOptionByLabelKeyword.execute(SelectOptionByLabelKeyword.groovy:71)
	at com.kms.katalon.core.keyword.internal.KeywordExecutor.executeKeywordForPlatform(KeywordExecutor.groovy:74)
	at com.kms.katalon.core.webui.keyword.WebUiBuiltInKeywords.selectOptionByLabel(WebUiBuiltInKeywords.groovy:1230)
	at TC_Amazon_Validating_Category_Excel_001.run(TC_Amazon_Validating_Category_Excel_001:24)
	at com.kms.katalon.core.main.ScriptEngine.run(ScriptEngine.java:194)
	at com.kms.katalon.core.main.ScriptEngine.runScriptAsRawText(ScriptEngine.java:119)
	at com.kms.katalon.core.main.TestCaseExecutor.runScript(TestCaseExecutor.java:448)
	at com.kms.katalon.core.main.TestCaseExecutor.doExecute(TestCaseExecutor.java:439)
	at com.kms.katalon.core.main.TestCaseExecutor.processExecutionPhase(TestCaseExecutor.java:418)
	at com.kms.katalon.core.main.TestCaseExecutor.accessMainPhase(TestCaseExecutor.java:410)
	at com.kms.katalon.core.main.TestCaseExecutor.execute(TestCaseExecutor.java:285)
	at com.kms.katalon.core.common.CommonExecutor.accessTestCaseMainPhase(CommonExecutor.java:65)
	at com.kms.katalon.core.main.TestSuiteExecutor.accessTestSuiteMainPhase(TestSuiteExecutor.java:148)
	at com.kms.katalon.core.main.TestSuiteExecutor.execute(TestSuiteExecutor.java:106)
	at com.kms.katalon.core.main.TestCaseMain.startTestSuite(TestCaseMain.java:187)
	at TempTestSuite1706828119458.run(TempTestSuite1706828119458.groovy:36)
	at java.base/jdk.internal.reflect.NativeMethodAccessorImpl.invoke0(Native Method)
	at java.base/jdk.internal.reflect.NativeMethodAccessorImpl.invoke(NativeMethodAccessorImpl.java:77)
	at java.base/jdk.internal.reflect.DelegatingMethodAccessorImpl.invoke(DelegatingMethodAccessorImpl.java:43)
Caused by: org.openqa.selenium.NoSuchElementException: Cannot locate element with text: Musical Instruments
For documentation on this error, please visit: https://www.seleniumhq.org/exceptions/no_such_element.html
Build info: version: '3.141.59', revision: 'e82be7d358', time: '2018-11-14T08:25:53'
System info: host: 'DEVs-MacBook-Air.local', ip: '2405:201:6814:a221:6c37:5f37:eb50:22ac%en0', os.name: 'Mac OS X', os.arch: 'aarch64', os.version: '14.2.1', java.version: '17.0.7'
Driver info: driver.version: unknown
	at org.openqa.selenium.support.ui.Select.selectByVisibleText(Select.java:147)
	at com.kms.katalon.core.webui.common.WebUiCommonHelper.selectOrDeselectOptionsByLabel(WebUiCommonHelper.java:310)
	at com.kms.katalon.core.webui.keyword.builtin.SelectOptionByLabelKeyword$_selectOptionByLabel_closure1.doCall(SelectOptionByLabelKeyword.groovy:87)
	at com.kms.katalon.core.webui.keyword.builtin.SelectOptionByLabelKeyword$_selectOptionByLabel_closure1.call(SelectOptionByLabelKeyword.groovy)
	at com.kms.katalon.core.webui.keyword.internal.WebUIKeywordMain.runKeyword(WebUIKeywordMain.groovy:20)
	at com.kms.katalon.core.webui.keyword.builtin.SelectOptionByLabelKeyword.selectOptionByLabel(SelectOptionByLabelKeyword.groovy:98)
	at com.kms.katalon.core.webui.keyword.builtin.SelectOptionByLabelKeyword.execute(SelectOptionByLabelKeyword.groovy:71)
	at com.kms.katalon.core.keyword.internal.KeywordExecutor.executeKeywordForPlatform(KeywordExecutor.groovy:74)
	at com.kms.katalon.core.webui.keyword.WebUiBuiltInKeywords.selectOptionByLabel(WebUiBuiltInKeywords.groovy:1230)
	at Script1706824386796.run(Script1706824386796.groovy:24)
	... 15 more
)
	at com.kms.katalon.core.keyword.internal.KeywordMain.stepFailed(KeywordMain.groovy:39)
	at com.kms.katalon.core.webui.keyword.internal.WebUIKeywordMain.stepFailed(WebUIKeywordMain.groovy:64)
	at com.kms.katalon.core.webui.keyword.internal.WebUIKeywordMain.runKeyword(WebUIKeywordMain.groovy:26)
	at com.kms.katalon.core.webui.keyword.builtin.SelectOptionByLabelKeyword.selectOptionByLabel(SelectOptionByLabelKeyword.groovy:98)
	at com.kms.katalon.core.webui.keyword.builtin.SelectOptionByLabelKeyword.execute(SelectOptionByLabelKeyword.groovy:71)
	at com.kms.katalon.core.keyword.internal.KeywordExecutor.executeKeywordForPlatform(KeywordExecutor.groovy:74)
	at com.kms.katalon.core.webui.keyword.WebUiBuiltInKeywords.selectOptionByLabel(WebUiBuiltInKeywords.groovy:1230)
	at TC_Amazon_Validating_Category_Excel_001.run(TC_Amazon_Validating_Category_Excel_001:24)
	at com.kms.katalon.core.main.ScriptEngine.run(ScriptEngine.java:194)
	at com.kms.katalon.core.main.ScriptEngine.runScriptAsRawText(ScriptEngine.java:119)
	at com.kms.katalon.core.main.TestCaseExecutor.runScript(TestCaseExecutor.java:448)
	at com.kms.katalon.core.main.TestCaseExecutor.doExecute(TestCaseExecutor.java:439)
	at com.kms.katalon.core.main.TestCaseExecutor.processExecutionPhase(TestCaseExecutor.java:418)
	at com.kms.katalon.core.main.TestCaseExecutor.accessMainPhase(TestCaseExecutor.java:410)
	at com.kms.katalon.core.main.TestCaseExecutor.execute(TestCaseExecutor.java:285)
	at com.kms.katalon.core.common.CommonExecutor.accessTestCaseMainPhase(CommonExecutor.java:65)
	at com.kms.katalon.core.main.TestSuiteExecutor.accessTestSuiteMainPhase(TestSuiteExecutor.java:148)
	at com.kms.katalon.core.main.TestSuiteExecutor.execute(TestSuiteExecutor.java:106)
	at com.kms.katalon.core.main.TestCaseMain.startTestSuite(TestCaseMain.java:187)
	at TempTestSuite1706828119458.run(TempTestSuite1706828119458.groovy:36)
	at java.base/jdk.internal.reflect.NativeMethodAccessorImpl.invoke0(Native Method)
	at java.base/jdk.internal.reflect.NativeMethodAccessorImpl.invoke(NativeMethodAccessorImpl.java:77)
	at java.base/jdk.internal.reflect.DelegatingMethodAccessorImpl.invoke(DelegatingMethodAccessorImpl.java:43)
Caused by: com.kms.katalon.core.exception.StepFailedException: Unable to select option by label 'Musical Instruments' of object 'Object Repository/DDT_Amazon_Category_Excel_OR/Page_Amazon.com. Spend less. Smile more/CategoryElement' 
	... 22 more
Caused by: org.openqa.selenium.NoSuchElementException: Cannot locate element with text: Musical Instruments
For documentation on this error, please visit: https://www.seleniumhq.org/exceptions/no_such_element.html
Build info: version: '3.141.59', revision: 'e82be7d358', time: '2018-11-14T08:25:53'
System info: host: 'DEVs-MacBook-Air.local', ip: '2405:201:6814:a221:6c37:5f37:eb50:22ac%en0', os.name: 'Mac OS X', os.arch: 'aarch64', os.version: '14.2.1', java.version: '17.0.7'
Driver info: driver.version: unknown
	at org.openqa.selenium.support.ui.Select.selectByVisibleText(Select.java:147)
	at com.kms.katalon.core.webui.common.WebUiCommonHelper.selectOrDeselectOptionsByLabel(WebUiCommonHelper.java:310)
	at com.kms.katalon.core.webui.keyword.builtin.SelectOptionByLabelKeyword$_selectOptionByLabel_closure1.doCall(SelectOptionByLabelKeyword.groovy:87)
	at com.kms.katalon.core.webui.keyword.builtin.SelectOptionByLabelKeyword$_selectOptionByLabel_closure1.call(SelectOptionByLabelKeyword.groovy)
	at com.kms.katalon.core.webui.keyword.internal.WebUIKeywordMain.runKeyword(WebUIKeywordMain.groovy:20)
	... 20 more]]></system-out>
      <system-err><![CDATA[2024-02-02 04:25:20 - [TEST_SUITE][FAILED] - DDT_Amazon_Category_Validation_Test Suite: Test Cases/Data_Driven_Testing/TC_Amazon_Validating_Category_Excel_001 FAILED.
Reason:
com.kms.katalon.core.exception.StepFailedException: Unable to select option by label 'Musical Instruments' of object 'Object Repository/DDT_Amazon_Category_Excel_OR/Page_Amazon.com. Spend less. Smile more/CategoryElement'  (Root cause: com.kms.katalon.core.exception.StepFailedException: Unable to select option by label 'Musical Instruments' of object 'Object Repository/DDT_Amazon_Category_Excel_OR/Page_Amazon.com. Spend less. Smile more/CategoryElement' 
	at com.kms.katalon.core.webui.keyword.internal.WebUIKeywordMain.stepFailed(WebUIKeywordMain.groovy:64)
	at com.kms.katalon.core.webui.keyword.internal.WebUIKeywordMain.runKeyword(WebUIKeywordMain.groovy:26)
	at com.kms.katalon.core.webui.keyword.builtin.SelectOptionByLabelKeyword.selectOptionByLabel(SelectOptionByLabelKeyword.groovy:98)
	at com.kms.katalon.core.webui.keyword.builtin.SelectOptionByLabelKeyword.execute(SelectOptionByLabelKeyword.groovy:71)
	at com.kms.katalon.core.keyword.internal.KeywordExecutor.executeKeywordForPlatform(KeywordExecutor.groovy:74)
	at com.kms.katalon.core.webui.keyword.WebUiBuiltInKeywords.selectOptionByLabel(WebUiBuiltInKeywords.groovy:1230)
	at TC_Amazon_Validating_Category_Excel_001.run(TC_Amazon_Validating_Category_Excel_001:24)
	at com.kms.katalon.core.main.ScriptEngine.run(ScriptEngine.java:194)
	at com.kms.katalon.core.main.ScriptEngine.runScriptAsRawText(ScriptEngine.java:119)
	at com.kms.katalon.core.main.TestCaseExecutor.runScript(TestCaseExecutor.java:448)
	at com.kms.katalon.core.main.TestCaseExecutor.doExecute(TestCaseExecutor.java:439)
	at com.kms.katalon.core.main.TestCaseExecutor.processExecutionPhase(TestCaseExecutor.java:418)
	at com.kms.katalon.core.main.TestCaseExecutor.accessMainPhase(TestCaseExecutor.java:410)
	at com.kms.katalon.core.main.TestCaseExecutor.execute(TestCaseExecutor.java:285)
	at com.kms.katalon.core.common.CommonExecutor.accessTestCaseMainPhase(CommonExecutor.java:65)
	at com.kms.katalon.core.main.TestSuiteExecutor.accessTestSuiteMainPhase(TestSuiteExecutor.java:148)
	at com.kms.katalon.core.main.TestSuiteExecutor.execute(TestSuiteExecutor.java:106)
	at com.kms.katalon.core.main.TestCaseMain.startTestSuite(TestCaseMain.java:187)
	at TempTestSuite1706828119458.run(TempTestSuite1706828119458.groovy:36)
	at java.base/jdk.internal.reflect.NativeMethodAccessorImpl.invoke0(Native Method)
	at java.base/jdk.internal.reflect.NativeMethodAccessorImpl.invoke(NativeMethodAccessorImpl.java:77)
	at java.base/jdk.internal.reflect.DelegatingMethodAccessorImpl.invoke(DelegatingMethodAccessorImpl.java:43)
Caused by: org.openqa.selenium.NoSuchElementException: Cannot locate element with text: Musical Instruments
For documentation on this error, please visit: https://www.seleniumhq.org/exceptions/no_such_element.html
Build info: version: '3.141.59', revision: 'e82be7d358', time: '2018-11-14T08:25:53'
System info: host: 'DEVs-MacBook-Air.local', ip: '2405:201:6814:a221:6c37:5f37:eb50:22ac%en0', os.name: 'Mac OS X', os.arch: 'aarch64', os.version: '14.2.1', java.version: '17.0.7'
Driver info: driver.version: unknown
	at org.openqa.selenium.support.ui.Select.selectByVisibleText(Select.java:147)
	at com.kms.katalon.core.webui.common.WebUiCommonHelper.selectOrDeselectOptionsByLabel(WebUiCommonHelper.java:310)
	at com.kms.katalon.core.webui.keyword.builtin.SelectOptionByLabelKeyword$_selectOptionByLabel_closure1.doCall(SelectOptionByLabelKeyword.groovy:87)
	at com.kms.katalon.core.webui.keyword.builtin.SelectOptionByLabelKeyword$_selectOptionByLabel_closure1.call(SelectOptionByLabelKeyword.groovy)
	at com.kms.katalon.core.webui.keyword.internal.WebUIKeywordMain.runKeyword(WebUIKeywordMain.groovy:20)
	at com.kms.katalon.core.webui.keyword.builtin.SelectOptionByLabelKeyword.selectOptionByLabel(SelectOptionByLabelKeyword.groovy:98)
	at com.kms.katalon.core.webui.keyword.builtin.SelectOptionByLabelKeyword.execute(SelectOptionByLabelKeyword.groovy:71)
	at com.kms.katalon.core.keyword.internal.KeywordExecutor.executeKeywordForPlatform(KeywordExecutor.groovy:74)
	at com.kms.katalon.core.webui.keyword.WebUiBuiltInKeywords.selectOptionByLabel(WebUiBuiltInKeywords.groovy:1230)
	at Script1706824386796.run(Script1706824386796.groovy:24)
	... 15 more
)
	at com.kms.katalon.core.keyword.internal.KeywordMain.stepFailed(KeywordMain.groovy:39)
	at com.kms.katalon.core.webui.keyword.internal.WebUIKeywordMain.stepFailed(WebUIKeywordMain.groovy:64)
	at com.kms.katalon.core.webui.keyword.internal.WebUIKeywordMain.runKeyword(WebUIKeywordMain.groovy:26)
	at com.kms.katalon.core.webui.keyword.builtin.SelectOptionByLabelKeyword.selectOptionByLabel(SelectOptionByLabelKeyword.groovy:98)
	at com.kms.katalon.core.webui.keyword.builtin.SelectOptionByLabelKeyword.execute(SelectOptionByLabelKeyword.groovy:71)
	at com.kms.katalon.core.keyword.internal.KeywordExecutor.executeKeywordForPlatform(KeywordExecutor.groovy:74)
	at com.kms.katalon.core.webui.keyword.WebUiBuiltInKeywords.selectOptionByLabel(WebUiBuiltInKeywords.groovy:1230)
	at TC_Amazon_Validating_Category_Excel_001.run(TC_Amazon_Validating_Category_Excel_001:24)
	at com.kms.katalon.core.main.ScriptEngine.run(ScriptEngine.java:194)
	at com.kms.katalon.core.main.ScriptEngine.runScriptAsRawText(ScriptEngine.java:119)
	at com.kms.katalon.core.main.TestCaseExecutor.runScript(TestCaseExecutor.java:448)
	at com.kms.katalon.core.main.TestCaseExecutor.doExecute(TestCaseExecutor.java:439)
	at com.kms.katalon.core.main.TestCaseExecutor.processExecutionPhase(TestCaseExecutor.java:418)
	at com.kms.katalon.core.main.TestCaseExecutor.accessMainPhase(TestCaseExecutor.java:410)
	at com.kms.katalon.core.main.TestCaseExecutor.execute(TestCaseExecutor.java:285)
	at com.kms.katalon.core.common.CommonExecutor.accessTestCaseMainPhase(CommonExecutor.java:65)
	at com.kms.katalon.core.main.TestSuiteExecutor.accessTestSuiteMainPhase(TestSuiteExecutor.java:148)
	at com.kms.katalon.core.main.TestSuiteExecutor.execute(TestSuiteExecutor.java:106)
	at com.kms.katalon.core.main.TestCaseMain.startTestSuite(TestCaseMain.java:187)
	at TempTestSuite1706828119458.run(TempTestSuite1706828119458.groovy:36)
	at java.base/jdk.internal.reflect.NativeMethodAccessorImpl.invoke0(Native Method)
	at java.base/jdk.internal.reflect.NativeMethodAccessorImpl.invoke(NativeMethodAccessorImpl.java:77)
	at java.base/jdk.internal.reflect.DelegatingMethodAccessorImpl.invoke(DelegatingMethodAccessorImpl.java:43)
Caused by: com.kms.katalon.core.exception.StepFailedException: Unable to select option by label 'Musical Instruments' of object 'Object Repository/DDT_Amazon_Category_Excel_OR/Page_Amazon.com. Spend less. Smile more/CategoryElement' 
	... 22 more
Caused by: org.openqa.selenium.NoSuchElementException: Cannot locate element with text: Musical Instruments
For documentation on this error, please visit: https://www.seleniumhq.org/exceptions/no_such_element.html
Build info: version: '3.141.59', revision: 'e82be7d358', time: '2018-11-14T08:25:53'
System info: host: 'DEVs-MacBook-Air.local', ip: '2405:201:6814:a221:6c37:5f37:eb50:22ac%en0', os.name: 'Mac OS X', os.arch: 'aarch64', os.version: '14.2.1', java.version: '17.0.7'
Driver info: driver.version: unknown
	at org.openqa.selenium.support.ui.Select.selectByVisibleText(Select.java:147)
	at com.kms.katalon.core.webui.common.WebUiCommonHelper.selectOrDeselectOptionsByLabel(WebUiCommonHelper.java:310)
	at com.kms.katalon.core.webui.keyword.builtin.SelectOptionByLabelKeyword$_selectOptionByLabel_closure1.doCall(SelectOptionByLabelKeyword.groovy:87)
	at com.kms.katalon.core.webui.keyword.builtin.SelectOptionByLabelKeyword$_selectOptionByLabel_closure1.call(SelectOptionByLabelKeyword.groovy)
	at com.kms.katalon.core.webui.keyword.internal.WebUIKeywordMain.runKeyword(WebUIKeywordMain.groovy:20)
	... 20 more]]></system-err>
   </testsuite>
</testsuites>
